{"/home/travis/build/npmtest/node-npmtest-ua-parser-js/test.js":{"path":"/home/travis/build/npmtest/node-npmtest-ua-parser-js/test.js","s":{"1":2,"2":2,"3":2,"4":2,"5":2,"6":2,"7":2,"8":1,"9":2,"10":2,"11":1,"12":1,"13":1,"14":1,"15":2,"16":2,"17":2,"18":2,"19":1,"20":1,"21":2,"22":2,"23":2,"24":1,"25":1,"26":1,"27":1,"28":1,"29":1,"30":1,"31":1,"32":1,"33":1,"34":1,"35":1,"36":1,"37":1,"38":1,"39":2,"40":2,"41":1,"42":2,"43":2,"44":1,"45":2,"46":2,"47":1,"48":2,"49":2,"50":1,"51":1,"52":1,"53":1,"54":1},"b":{"1":[2,1,1,1],"2":[1,1,1,1],"3":[1,1],"4":[1,1],"5":[1,1],"6":[1,1],"7":[1,1],"8":[1,1],"9":[1,1],"10":[1,1,1],"11":[1,1],"12":[1,1],"13":[1,1],"14":[1,1],"15":[1,1],"16":[1,1],"17":[1,1]},"f":{"1":2,"2":2,"3":2,"4":2,"5":2,"6":1,"7":1,"8":1,"9":2,"10":2,"11":2,"12":2,"13":1},"fnMap":{"1":{"name":"(anonymous_1)","line":12,"loc":{"start":{"line":12,"column":1},"end":{"line":12,"column":13}}},"2":{"name":"(anonymous_2)","line":19,"loc":{"start":{"line":19,"column":5},"end":{"line":19,"column":17}}},"3":{"name":"(anonymous_3)","line":23,"loc":{"start":{"line":23,"column":24},"end":{"line":23,"column":36}}},"4":{"name":"(anonymous_4)","line":61,"loc":{"start":{"line":61,"column":5},"end":{"line":61,"column":17}}},"5":{"name":"(anonymous_5)","line":82,"loc":{"start":{"line":82,"column":5},"end":{"line":82,"column":17}}},"6":{"name":"(anonymous_6)","line":91,"loc":{"start":{"line":91,"column":77},"end":{"line":94,"column":10}}},"7":{"name":"(anonymous_7)","line":112,"loc":{"start":{"line":112,"column":83},"end":{"line":115,"column":10}},"skip":true},"8":{"name":"(anonymous_8)","line":123,"loc":{"start":{"line":123,"column":77},"end":{"line":126,"column":10}},"skip":true},"9":{"name":"(anonymous_9)","line":139,"loc":{"start":{"line":139,"column":12},"end":{"line":139,"column":40}},"skip":true},"10":{"name":"(anonymous_10)","line":147,"loc":{"start":{"line":147,"column":77},"end":{"line":150,"column":10}},"skip":true},"11":{"name":"(anonymous_11)","line":158,"loc":{"start":{"line":158,"column":83},"end":{"line":161,"column":10}},"skip":true},"12":{"name":"(anonymous_12)","line":169,"loc":{"start":{"line":169,"column":79},"end":{"line":172,"column":10}},"skip":true},"13":{"name":"(anonymous_13)","line":180,"loc":{"start":{"line":180,"column":75},"end":{"line":183,"column":10}},"skip":true}},"statementMap":{"1":{"start":{"line":12,"column":0},"end":{"line":195,"column":5}},"2":{"start":{"line":14,"column":4},"end":{"line":14,"column":14}},"3":{"start":{"line":19,"column":4},"end":{"line":56,"column":9}},"4":{"start":{"line":21,"column":8},"end":{"line":21,"column":19}},"5":{"start":{"line":23,"column":8},"end":{"line":35,"column":13}},"6":{"start":{"line":24,"column":12},"end":{"line":34,"column":13}},"7":{"start":{"line":25,"column":16},"end":{"line":28,"column":30}},"8":{"start":{"line":30,"column":16},"end":{"line":33,"column":27}},"9":{"start":{"line":37,"column":8},"end":{"line":39,"column":21}},"10":{"start":{"line":40,"column":8},"end":{"line":53,"column":9}},"11":{"start":{"line":43,"column":12},"end":{"line":46,"column":14}},"12":{"start":{"line":47,"column":12},"end":{"line":47,"column":18}},"13":{"start":{"line":50,"column":12},"end":{"line":51,"column":33}},"14":{"start":{"line":52,"column":12},"end":{"line":52,"column":18}},"15":{"start":{"line":55,"column":8},"end":{"line":55,"column":35}},"16":{"start":{"line":61,"column":4},"end":{"line":63,"column":9}},"17":{"start":{"line":62,"column":8},"end":{"line":62,"column":15}},"18":{"start":{"line":64,"column":4},"end":{"line":77,"column":5}},"19":{"start":{"line":70,"column":8},"end":{"line":70,"column":14}},"20":{"start":{"line":76,"column":8},"end":{"line":76,"column":14}},"21":{"start":{"line":82,"column":4},"end":{"line":84,"column":9}},"22":{"start":{"line":83,"column":8},"end":{"line":83,"column":15}},"23":{"start":{"line":85,"column":4},"end":{"line":194,"column":5}},"24":{"start":{"line":91,"column":8},"end":{"line":99,"column":10}},"25":{"start":{"line":98,"column":12},"end":{"line":98,"column":35}},"26":{"start":{"line":102,"column":8},"end":{"line":104,"column":63}},"27":{"start":{"line":105,"column":8},"end":{"line":105,"column":14}},"28":{"start":{"line":112,"column":8},"end":{"line":121,"column":10},"skip":true},"29":{"start":{"line":119,"column":12},"end":{"line":119,"column":55},"skip":true},"30":{"start":{"line":120,"column":12},"end":{"line":120,"column":48},"skip":true},"31":{"start":{"line":123,"column":8},"end":{"line":136,"column":10},"skip":true},"32":{"start":{"line":130,"column":12},"end":{"line":130,"column":76},"skip":true},"33":{"start":{"line":131,"column":12},"end":{"line":131,"column":73},"skip":true},"34":{"start":{"line":132,"column":12},"end":{"line":132,"column":74},"skip":true},"35":{"start":{"line":133,"column":12},"end":{"line":133,"column":79},"skip":true},"36":{"start":{"line":134,"column":12},"end":{"line":134,"column":25},"skip":true},"37":{"start":{"line":135,"column":12},"end":{"line":135,"column":45},"skip":true},"38":{"start":{"line":138,"column":8},"end":{"line":145,"column":14},"skip":true},"39":{"start":{"line":143,"column":16},"end":{"line":143,"column":29},"skip":true},"40":{"start":{"line":144,"column":16},"end":{"line":144,"column":55},"skip":true},"41":{"start":{"line":147,"column":8},"end":{"line":156,"column":10},"skip":true},"42":{"start":{"line":154,"column":12},"end":{"line":154,"column":25},"skip":true},"43":{"start":{"line":155,"column":12},"end":{"line":155,"column":45},"skip":true},"44":{"start":{"line":158,"column":8},"end":{"line":167,"column":10},"skip":true},"45":{"start":{"line":165,"column":12},"end":{"line":165,"column":25},"skip":true},"46":{"start":{"line":166,"column":12},"end":{"line":166,"column":48},"skip":true},"47":{"start":{"line":169,"column":8},"end":{"line":178,"column":10},"skip":true},"48":{"start":{"line":176,"column":12},"end":{"line":176,"column":25},"skip":true},"49":{"start":{"line":177,"column":12},"end":{"line":177,"column":46},"skip":true},"50":{"start":{"line":180,"column":8},"end":{"line":189,"column":10},"skip":true},"51":{"start":{"line":187,"column":12},"end":{"line":187,"column":94},"skip":true},"52":{"start":{"line":188,"column":12},"end":{"line":188,"column":48},"skip":true},"53":{"start":{"line":192,"column":8},"end":{"line":192,"column":35},"skip":true},"54":{"start":{"line":193,"column":8},"end":{"line":193,"column":14},"skip":true}},"branchMap":{"1":{"line":25,"type":"binary-expr","locations":[{"start":{"line":25,"column":23},"end":{"line":25,"column":62}},{"start":{"line":26,"column":20},"end":{"line":26,"column":70}},{"start":{"line":27,"column":20},"end":{"line":27,"column":71}},{"start":{"line":28,"column":20},"end":{"line":28,"column":29}}]},"2":{"line":30,"type":"binary-expr","locations":[{"start":{"line":30,"column":23},"end":{"line":30,"column":37}},{"start":{"line":31,"column":20},"end":{"line":31,"column":61}},{"start":{"line":32,"column":20},"end":{"line":32,"column":70}},{"start":{"line":33,"column":20},"end":{"line":33,"column":26}}]},"3":{"line":37,"type":"cond-expr","locations":[{"start":{"line":38,"column":14},"end":{"line":38,"column":20}},{"start":{"line":39,"column":14},"end":{"line":39,"column":20}}]},"4":{"line":40,"type":"switch","locations":[{"start":{"line":42,"column":8},"end":{"line":47,"column":18}},{"start":{"line":49,"column":8},"end":{"line":52,"column":18}}]},"5":{"line":44,"type":"binary-expr","locations":[{"start":{"line":44,"column":16},"end":{"line":44,"column":44}},{"start":{"line":44,"column":48},"end":{"line":44,"column":66}}]},"6":{"line":50,"type":"binary-expr","locations":[{"start":{"line":50,"column":21},"end":{"line":50,"column":49}},{"start":{"line":50,"column":53},"end":{"line":50,"column":72}}]},"7":{"line":64,"type":"switch","locations":[{"start":{"line":69,"column":4},"end":{"line":70,"column":14}},{"start":{"line":75,"column":4},"end":{"line":76,"column":14}}]},"8":{"line":85,"type":"switch","locations":[{"start":{"line":90,"column":4},"end":{"line":105,"column":14}},{"start":{"line":111,"column":4},"end":{"line":193,"column":14},"skip":true}]},"9":{"line":91,"type":"binary-expr","locations":[{"start":{"line":91,"column":42},"end":{"line":91,"column":73}},{"start":{"line":91,"column":77},"end":{"line":99,"column":9}}]},"10":{"line":102,"type":"binary-expr","locations":[{"start":{"line":102,"column":18},"end":{"line":102,"column":32}},{"start":{"line":103,"column":12},"end":{"line":103,"column":53}},{"start":{"line":104,"column":12},"end":{"line":104,"column":61}}]},"11":{"line":112,"type":"binary-expr","locations":[{"start":{"line":112,"column":45},"end":{"line":112,"column":79},"skip":true},{"start":{"line":112,"column":83},"end":{"line":121,"column":9},"skip":true}]},"12":{"line":123,"type":"binary-expr","locations":[{"start":{"line":123,"column":42},"end":{"line":123,"column":73},"skip":true},{"start":{"line":123,"column":77},"end":{"line":136,"column":9},"skip":true}]},"13":{"line":138,"type":"binary-expr","locations":[{"start":{"line":138,"column":48},"end":{"line":138,"column":85},"skip":true},{"start":{"line":139,"column":12},"end":{"line":145,"column":13},"skip":true}]},"14":{"line":147,"type":"binary-expr","locations":[{"start":{"line":147,"column":42},"end":{"line":147,"column":73},"skip":true},{"start":{"line":147,"column":77},"end":{"line":156,"column":9},"skip":true}]},"15":{"line":158,"type":"binary-expr","locations":[{"start":{"line":158,"column":45},"end":{"line":158,"column":79},"skip":true},{"start":{"line":158,"column":83},"end":{"line":167,"column":9},"skip":true}]},"16":{"line":169,"type":"binary-expr","locations":[{"start":{"line":169,"column":43},"end":{"line":169,"column":75},"skip":true},{"start":{"line":169,"column":79},"end":{"line":178,"column":9},"skip":true}]},"17":{"line":180,"type":"binary-expr","locations":[{"start":{"line":180,"column":41},"end":{"line":180,"column":71},"skip":true},{"start":{"line":180,"column":75},"end":{"line":189,"column":9},"skip":true}]}},"code":["/* istanbul instrument in package npmtest_ua_parser_js */","/*jslint","    bitwise: true,","    browser: true,","    maxerr: 8,","    maxlen: 96,","    node: true,","    nomen: true,","    regexp: true,","    stupid: true","*/","(function () {","    'use strict';","    var local;","","","","    // run shared js-env code - init-before","    (function () {","        // init local","        local = {};","        // init modeJs","        local.modeJs = (function () {","            try {","                return typeof navigator.userAgent === 'string' &&","                    typeof document.querySelector('body') === 'object' &&","                    typeof XMLHttpRequest.prototype.open === 'function' &&","                    'browser';","            } catch (errorCaughtBrowser) {","                return module.exports &&","                    typeof process.versions.node === 'string' &&","                    typeof require('http').createServer === 'function' &&","                    'node';","            }","        }());","        // init global","        local.global = local.modeJs === 'browser'","            ? window","            : global;","        switch (local.modeJs) {","        // re-init local from window.local","        case 'browser':","            local = local.global.utility2.objectSetDefault(","                local.global.utility2_rollup || local.global.local,","                local.global.utility2","            );","            break;","        // re-init local from example.js","        case 'node':","            local = (local.global.utility2_rollup || require('utility2'))","                .requireReadme();","            break;","        }","        // export local","        local.global.local = local;","    }());","","","","    // run shared js-env code - function","    (function () {","        return;","    }());","    switch (local.modeJs) {","","","","    // run browser js-env code - function","    case 'browser':","        break;","","","","    // run node js-env code - function","    case 'node':","        break;","    }","","","","    // run shared js-env code - init-after","    (function () {","        return;","    }());","    switch (local.modeJs) {","","","","    // run browser js-env code - init-after","    case 'browser':","        local.testCase_browser_nullCase = local.testCase_browser_nullCase || function (","            options,","            onError","        ) {","        /*","         * this function will test browsers's null-case handling-behavior-behavior","         */","            onError(null, options);","        };","","        // run tests","        local.nop(local.modeTest &&","            document.querySelector('#testRunButton1') &&","            document.querySelector('#testRunButton1').click());","        break;","","","","    // run node js-env code - init-after","    /* istanbul ignore next */","    case 'node':","        local.testCase_buildApidoc_default = local.testCase_buildApidoc_default || function (","            options,","            onError","        ) {","        /*","         * this function will test buildApidoc's default handling-behavior-behavior","         */","            options = { modulePathList: module.paths };","            local.buildApidoc(options, onError);","        };","","        local.testCase_buildApp_default = local.testCase_buildApp_default || function (","            options,","            onError","        ) {","        /*","         * this function will test buildApp's default handling-behavior-behavior","         */","            local.testCase_buildReadme_default(options, local.onErrorThrow);","            local.testCase_buildLib_default(options, local.onErrorThrow);","            local.testCase_buildTest_default(options, local.onErrorThrow);","            local.testCase_buildCustomOrg_default(options, local.onErrorThrow);","            options = [];","            local.buildApp(options, onError);","        };","","        local.testCase_buildCustomOrg_default = local.testCase_buildCustomOrg_default ||","            function (options, onError) {","            /*","             * this function will test buildCustomOrg's default handling-behavior","             */","                options = {};","                local.buildCustomOrg(options, onError);","            };","","        local.testCase_buildLib_default = local.testCase_buildLib_default || function (","            options,","            onError","        ) {","        /*","         * this function will test buildLib's default handling-behavior","         */","            options = {};","            local.buildLib(options, onError);","        };","","        local.testCase_buildReadme_default = local.testCase_buildReadme_default || function (","            options,","            onError","        ) {","        /*","         * this function will test buildReadme's default handling-behavior-behavior","         */","            options = {};","            local.buildReadme(options, onError);","        };","","        local.testCase_buildTest_default = local.testCase_buildTest_default || function (","            options,","            onError","        ) {","        /*","         * this function will test buildTest's default handling-behavior","         */","            options = {};","            local.buildTest(options, onError);","        };","","        local.testCase_webpage_default = local.testCase_webpage_default || function (","            options,","            onError","        ) {","        /*","         * this function will test webpage's default handling-behavior","         */","            options = { modeCoverageMerge: true, url: local.serverLocalHost + '?modeTest=1' };","            local.browserTest(options, onError);","        };","","        // run test-server","        local.testRunServer(local);","        break;","    }","}());",""],"l":{"12":2,"14":2,"19":2,"21":2,"23":2,"24":2,"25":2,"30":1,"37":2,"40":2,"43":1,"47":1,"50":1,"52":1,"55":2,"61":2,"62":2,"64":2,"70":1,"76":1,"82":2,"83":2,"85":2,"91":1,"98":1,"102":1,"105":1,"112":1,"119":1,"120":1,"123":1,"130":1,"131":1,"132":1,"133":1,"134":1,"135":1,"138":1,"143":2,"144":2,"147":1,"154":2,"155":2,"158":1,"165":2,"166":2,"169":1,"176":2,"177":2,"180":1,"187":1,"188":1,"192":1,"193":1}},"/home/travis/build/npmtest/node-npmtest-ua-parser-js/lib.npmtest_ua_parser_js.js":{"path":"/home/travis/build/npmtest/node-npmtest-ua-parser-js/lib.npmtest_ua_parser_js.js","s":{"1":2,"2":2,"3":2,"4":2,"5":2,"6":2,"7":2,"8":1,"9":2,"10":2,"11":2,"12":2,"13":1,"14":1,"15":1,"16":1},"b":{"1":[2,1,1,1],"2":[1,1,1,1],"3":[1,1],"4":[2,2],"5":[1,1]},"f":{"1":2,"2":2,"3":2},"fnMap":{"1":{"name":"(anonymous_1)","line":12,"loc":{"start":{"line":12,"column":1},"end":{"line":12,"column":13}}},"2":{"name":"(anonymous_2)","line":19,"loc":{"start":{"line":19,"column":5},"end":{"line":19,"column":17}}},"3":{"name":"(anonymous_3)","line":23,"loc":{"start":{"line":23,"column":24},"end":{"line":23,"column":36}}}},"statementMap":{"1":{"start":{"line":12,"column":0},"end":{"line":53,"column":5}},"2":{"start":{"line":14,"column":4},"end":{"line":14,"column":14}},"3":{"start":{"line":19,"column":4},"end":{"line":52,"column":9}},"4":{"start":{"line":21,"column":8},"end":{"line":21,"column":19}},"5":{"start":{"line":23,"column":8},"end":{"line":35,"column":13}},"6":{"start":{"line":24,"column":12},"end":{"line":34,"column":13}},"7":{"start":{"line":25,"column":16},"end":{"line":28,"column":30}},"8":{"start":{"line":30,"column":16},"end":{"line":33,"column":27}},"9":{"start":{"line":37,"column":8},"end":{"line":39,"column":21}},"10":{"start":{"line":41,"column":8},"end":{"line":41,"column":54}},"11":{"start":{"line":43,"column":8},"end":{"line":43,"column":57}},"12":{"start":{"line":45,"column":8},"end":{"line":51,"column":9}},"13":{"start":{"line":46,"column":12},"end":{"line":46,"column":63}},"14":{"start":{"line":48,"column":12},"end":{"line":48,"column":35}},"15":{"start":{"line":49,"column":12},"end":{"line":49,"column":49}},"16":{"start":{"line":50,"column":12},"end":{"line":50,"column":43}}},"branchMap":{"1":{"line":25,"type":"binary-expr","locations":[{"start":{"line":25,"column":23},"end":{"line":25,"column":62}},{"start":{"line":26,"column":20},"end":{"line":26,"column":70}},{"start":{"line":27,"column":20},"end":{"line":27,"column":71}},{"start":{"line":28,"column":20},"end":{"line":28,"column":29}}]},"2":{"line":30,"type":"binary-expr","locations":[{"start":{"line":30,"column":23},"end":{"line":30,"column":37}},{"start":{"line":31,"column":20},"end":{"line":31,"column":61}},{"start":{"line":32,"column":20},"end":{"line":32,"column":70}},{"start":{"line":33,"column":20},"end":{"line":33,"column":26}}]},"3":{"line":37,"type":"cond-expr","locations":[{"start":{"line":38,"column":14},"end":{"line":38,"column":20}},{"start":{"line":39,"column":14},"end":{"line":39,"column":20}}]},"4":{"line":41,"type":"binary-expr","locations":[{"start":{"line":41,"column":16},"end":{"line":41,"column":44}},{"start":{"line":41,"column":48},"end":{"line":41,"column":53}}]},"5":{"line":45,"type":"if","locations":[{"start":{"line":45,"column":8},"end":{"line":45,"column":8}},{"start":{"line":45,"column":8},"end":{"line":45,"column":8}}]}},"code":["/* istanbul instrument in package npmtest_ua_parser_js */","/*jslint","    bitwise: true,","    browser: true,","    maxerr: 8,","    maxlen: 96,","    node: true,","    nomen: true,","    regexp: true,","    stupid: true","*/","(function () {","    'use strict';","    var local;","","","","    // run shared js-env code - init-before","    (function () {","        // init local","        local = {};","        // init modeJs","        local.modeJs = (function () {","            try {","                return typeof navigator.userAgent === 'string' &&","                    typeof document.querySelector('body') === 'object' &&","                    typeof XMLHttpRequest.prototype.open === 'function' &&","                    'browser';","            } catch (errorCaughtBrowser) {","                return module.exports &&","                    typeof process.versions.node === 'string' &&","                    typeof require('http').createServer === 'function' &&","                    'node';","            }","        }());","        // init global","        local.global = local.modeJs === 'browser'","            ? window","            : global;","        // init utility2_rollup","        local = local.global.utility2_rollup || local;","        // init lib","        local.local = local.npmtest_ua_parser_js = local;","        // init exports","        if (local.modeJs === 'browser') {","            local.global.utility2_npmtest_ua_parser_js = local;","        } else {","            module.exports = local;","            module.exports.__dirname = __dirname;","            module.exports.module = module;","        }","    }());","}());",""],"l":{"12":2,"14":2,"19":2,"21":2,"23":2,"24":2,"25":2,"30":1,"37":2,"41":2,"43":2,"45":2,"46":1,"48":1,"49":1,"50":1}},"/home/travis/build/npmtest/node-npmtest-ua-parser-js/example.js":{"path":"/home/travis/build/npmtest/node-npmtest-ua-parser-js/example.js","s":{"1":2,"2":2,"3":2,"4":2,"5":2,"6":2,"7":2,"8":1,"9":2,"10":2,"11":2,"12":2,"13":1,"14":2,"15":2,"16":2,"17":2,"18":2,"19":0,"20":2,"21":1,"22":1,"23":1,"24":1,"25":1,"26":0,"27":0,"28":1,"29":1,"30":2,"31":0,"32":0,"33":0,"34":1,"35":2,"36":2,"37":3,"38":3,"39":3,"40":3,"41":0,"42":3,"43":3,"44":3,"45":1,"46":3,"47":1,"48":1,"49":1,"50":1,"51":1,"52":1,"53":1,"54":1,"55":1,"56":1,"57":0,"58":1,"59":6,"60":6,"61":1,"62":2,"63":0,"64":2,"65":1,"66":1,"67":0,"68":0,"69":0,"70":0,"71":0,"72":0,"73":0,"74":0,"75":0,"76":0,"77":0,"78":0,"79":0,"80":0,"81":0,"82":0,"83":0},"b":{"1":[2,1,1,1],"2":[1,1,1,1],"3":[1,1],"4":[2,2],"5":[1,1],"6":[1,1],"7":[2,0],"8":[2,1,1,1,1,1],"9":[0,2,0],"10":[1,1],"11":[2,1,1],"12":[1,0],"13":[0,2],"14":[2,0,0,0,0,0,0],"15":[0,3],"16":[3,0],"17":[1,1],"18":[0,1],"19":[1,2,0,2],"20":[1,0],"21":[1,1],"22":[0,0],"23":[0,0],"24":[0,0],"25":[0,0],"26":[0,0],"27":[0,0],"28":[0,0]},"f":{"1":2,"2":2,"3":2,"4":2,"5":2,"6":2,"7":3,"8":3,"9":3,"10":1,"11":6,"12":0},"fnMap":{"1":{"name":"(anonymous_1)","line":26,"loc":{"start":{"line":26,"column":1},"end":{"line":26,"column":13}}},"2":{"name":"(anonymous_2)","line":33,"loc":{"start":{"line":33,"column":5},"end":{"line":33,"column":17}}},"3":{"name":"(anonymous_3)","line":37,"loc":{"start":{"line":37,"column":24},"end":{"line":37,"column":36}}},"4":{"name":"(anonymous_4)","line":69,"loc":{"start":{"line":69,"column":31},"end":{"line":69,"column":48}},"skip":true},"5":{"name":"(anonymous_5)","line":78,"loc":{"start":{"line":78,"column":26},"end":{"line":78,"column":45}},"skip":true},"6":{"name":"(anonymous_6)","line":123,"loc":{"start":{"line":123,"column":33},"end":{"line":123,"column":48}},"skip":true},"7":{"name":"(anonymous_7)","line":125,"loc":{"start":{"line":125,"column":27},"end":{"line":125,"column":39}},"skip":true},"8":{"name":"(anonymous_8)","line":133,"loc":{"start":{"line":133,"column":59},"end":{"line":133,"column":74}},"skip":true},"9":{"name":"(anonymous_9)","line":143,"loc":{"start":{"line":143,"column":45},"end":{"line":143,"column":62}},"skip":true},"10":{"name":"(anonymous_10)","line":144,"loc":{"start":{"line":144,"column":73},"end":{"line":144,"column":92}},"skip":true},"11":{"name":"(anonymous_11)","line":272,"loc":{"start":{"line":272,"column":51},"end":{"line":272,"column":77}},"skip":true},"12":{"name":"(anonymous_12)","line":315,"loc":{"start":{"line":315,"column":32},"end":{"line":315,"column":61}},"skip":true}},"statementMap":{"1":{"start":{"line":26,"column":0},"end":{"line":326,"column":5}},"2":{"start":{"line":28,"column":4},"end":{"line":28,"column":14}},"3":{"start":{"line":33,"column":4},"end":{"line":60,"column":9}},"4":{"start":{"line":35,"column":8},"end":{"line":35,"column":19}},"5":{"start":{"line":37,"column":8},"end":{"line":49,"column":13}},"6":{"start":{"line":38,"column":12},"end":{"line":48,"column":13}},"7":{"start":{"line":39,"column":16},"end":{"line":42,"column":30}},"8":{"start":{"line":44,"column":16},"end":{"line":47,"column":27}},"9":{"start":{"line":51,"column":8},"end":{"line":53,"column":21}},"10":{"start":{"line":55,"column":8},"end":{"line":57,"column":45}},"11":{"start":{"line":59,"column":8},"end":{"line":59,"column":35}},"12":{"start":{"line":61,"column":4},"end":{"line":325,"column":5}},"13":{"start":{"line":69,"column":8},"end":{"line":121,"column":10},"skip":true},"14":{"start":{"line":70,"column":12},"end":{"line":88,"column":13},"skip":true},"15":{"start":{"line":76,"column":16},"end":{"line":87,"column":19},"skip":true},"16":{"start":{"line":79,"column":20},"end":{"line":86,"column":21},"skip":true},"17":{"start":{"line":82,"column":24},"end":{"line":82,"column":43},"skip":true},"18":{"start":{"line":83,"column":24},"end":{"line":83,"column":30},"skip":true},"19":{"start":{"line":85,"column":24},"end":{"line":85,"column":49},"skip":true},"20":{"start":{"line":89,"column":12},"end":{"line":107,"column":13},"skip":true},"21":{"start":{"line":92,"column":16},"end":{"line":102,"column":17},"skip":true},"22":{"start":{"line":93,"column":20},"end":{"line":93,"column":86},"skip":true},"23":{"start":{"line":94,"column":20},"end":{"line":95,"column":45},"skip":true},"24":{"start":{"line":96,"column":20},"end":{"line":96,"column":42},"skip":true},"25":{"start":{"line":97,"column":20},"end":{"line":97,"column":48},"skip":true},"26":{"start":{"line":100,"column":20},"end":{"line":100,"column":85},"skip":true},"27":{"start":{"line":101,"column":20},"end":{"line":101,"column":96},"skip":true},"28":{"start":{"line":103,"column":16},"end":{"line":103,"column":22},"skip":true},"29":{"start":{"line":106,"column":16},"end":{"line":106,"column":22},"skip":true},"30":{"start":{"line":108,"column":12},"end":{"line":120,"column":13},"skip":true},"31":{"start":{"line":114,"column":16},"end":{"line":119,"column":17},"skip":true},"32":{"start":{"line":116,"column":20},"end":{"line":116,"column":78},"skip":true},"33":{"start":{"line":118,"column":20},"end":{"line":118,"column":47},"skip":true},"34":{"start":{"line":123,"column":8},"end":{"line":141,"column":11},"skip":true},"35":{"start":{"line":124,"column":12},"end":{"line":124,"column":54},"skip":true},"36":{"start":{"line":125,"column":12},"end":{"line":140,"column":14},"skip":true},"37":{"start":{"line":126,"column":16},"end":{"line":126,"column":28},"skip":true},"38":{"start":{"line":127,"column":16},"end":{"line":127,"column":69},"skip":true},"39":{"start":{"line":128,"column":16},"end":{"line":128,"column":75},"skip":true},"40":{"start":{"line":129,"column":16},"end":{"line":131,"column":17},"skip":true},"41":{"start":{"line":130,"column":20},"end":{"line":130,"column":27},"skip":true},"42":{"start":{"line":133,"column":16},"end":{"line":137,"column":36},"skip":true},"43":{"start":{"line":134,"column":20},"end":{"line":136,"column":55},"skip":true},"44":{"start":{"line":139,"column":16},"end":{"line":139,"column":57},"skip":true},"45":{"start":{"line":143,"column":8},"end":{"line":147,"column":11},"skip":true},"46":{"start":{"line":144,"column":12},"end":{"line":146,"column":15},"skip":true},"47":{"start":{"line":145,"column":16},"end":{"line":145,"column":70},"skip":true},"48":{"start":{"line":149,"column":8},"end":{"line":149,"column":31},"skip":true},"49":{"start":{"line":150,"column":8},"end":{"line":150,"column":14},"skip":true},"50":{"start":{"line":158,"column":8},"end":{"line":158,"column":31},"skip":true},"51":{"start":{"line":160,"column":8},"end":{"line":160,"column":33},"skip":true},"52":{"start":{"line":161,"column":8},"end":{"line":161,"column":37},"skip":true},"53":{"start":{"line":162,"column":8},"end":{"line":162,"column":35},"skip":true},"54":{"start":{"line":164,"column":8},"end":{"line":164,"column":50},"skip":true},"55":{"start":{"line":166,"column":8},"end":{"line":256,"column":2},"skip":true},"56":{"start":{"line":258,"column":8},"end":{"line":286,"column":9},"skip":true},"57":{"start":{"line":259,"column":12},"end":{"line":269,"column":14},"skip":true},"58":{"start":{"line":271,"column":12},"end":{"line":285,"column":19},"skip":true},"59":{"start":{"line":274,"column":20},"end":{"line":274,"column":35},"skip":true},"60":{"start":{"line":275,"column":20},"end":{"line":284,"column":21},"skip":true},"61":{"start":{"line":277,"column":24},"end":{"line":277,"column":64},"skip":true},"62":{"start":{"line":279,"column":24},"end":{"line":279,"column":40},"skip":true},"63":{"start":{"line":281,"column":24},"end":{"line":281,"column":40},"skip":true},"64":{"start":{"line":283,"column":24},"end":{"line":283,"column":39},"skip":true},"65":{"start":{"line":288,"column":8},"end":{"line":290,"column":9},"skip":true},"66":{"start":{"line":289,"column":12},"end":{"line":289,"column":18},"skip":true},"67":{"start":{"line":291,"column":8},"end":{"line":293,"column":54},"skip":true},"68":{"start":{"line":296,"column":8},"end":{"line":301,"column":37},"skip":true},"69":{"start":{"line":303,"column":8},"end":{"line":303,"column":82},"skip":true},"70":{"start":{"line":306,"column":8},"end":{"line":308,"column":9},"skip":true},"71":{"start":{"line":307,"column":12},"end":{"line":307,"column":82},"skip":true},"72":{"start":{"line":310,"column":8},"end":{"line":312,"column":9},"skip":true},"73":{"start":{"line":311,"column":12},"end":{"line":311,"column":18},"skip":true},"74":{"start":{"line":313,"column":8},"end":{"line":313,"column":54},"skip":true},"75":{"start":{"line":314,"column":8},"end":{"line":314,"column":69},"skip":true},"76":{"start":{"line":315,"column":8},"end":{"line":323,"column":36},"skip":true},"77":{"start":{"line":316,"column":12},"end":{"line":316,"column":61},"skip":true},"78":{"start":{"line":317,"column":12},"end":{"line":320,"column":13},"skip":true},"79":{"start":{"line":318,"column":16},"end":{"line":318,"column":75},"skip":true},"80":{"start":{"line":319,"column":16},"end":{"line":319,"column":23},"skip":true},"81":{"start":{"line":321,"column":12},"end":{"line":321,"column":38},"skip":true},"82":{"start":{"line":322,"column":12},"end":{"line":322,"column":27},"skip":true},"83":{"start":{"line":324,"column":8},"end":{"line":324,"column":14},"skip":true}},"branchMap":{"1":{"line":39,"type":"binary-expr","locations":[{"start":{"line":39,"column":23},"end":{"line":39,"column":62}},{"start":{"line":40,"column":20},"end":{"line":40,"column":70}},{"start":{"line":41,"column":20},"end":{"line":41,"column":71}},{"start":{"line":42,"column":20},"end":{"line":42,"column":29}}]},"2":{"line":44,"type":"binary-expr","locations":[{"start":{"line":44,"column":23},"end":{"line":44,"column":37}},{"start":{"line":45,"column":20},"end":{"line":45,"column":61}},{"start":{"line":46,"column":20},"end":{"line":46,"column":70}},{"start":{"line":47,"column":20},"end":{"line":47,"column":26}}]},"3":{"line":51,"type":"cond-expr","locations":[{"start":{"line":52,"column":14},"end":{"line":52,"column":20}},{"start":{"line":53,"column":14},"end":{"line":53,"column":20}}]},"4":{"line":55,"type":"binary-expr","locations":[{"start":{"line":55,"column":16},"end":{"line":55,"column":44}},{"start":{"line":55,"column":49},"end":{"line":57,"column":43}}]},"5":{"line":55,"type":"cond-expr","locations":[{"start":{"line":56,"column":14},"end":{"line":56,"column":56}},{"start":{"line":57,"column":14},"end":{"line":57,"column":43}}]},"6":{"line":61,"type":"switch","locations":[{"start":{"line":68,"column":4},"end":{"line":150,"column":14},"skip":true},{"start":{"line":156,"column":4},"end":{"line":324,"column":14},"skip":true}]},"7":{"line":70,"type":"if","locations":[{"start":{"line":70,"column":12},"end":{"line":70,"column":12},"skip":true},{"start":{"line":70,"column":12},"end":{"line":70,"column":12},"skip":true}]},"8":{"line":70,"type":"binary-expr","locations":[{"start":{"line":70,"column":16},"end":{"line":70,"column":22},"skip":true},{"start":{"line":70,"column":27},"end":{"line":70,"column":32},"skip":true},{"start":{"line":71,"column":20},"end":{"line":71,"column":39},"skip":true},{"start":{"line":72,"column":20},"end":{"line":72,"column":49},"skip":true},{"start":{"line":73,"column":20},"end":{"line":73,"column":58},"skip":true},{"start":{"line":74,"column":20},"end":{"line":74,"column":69},"skip":true}]},"9":{"line":79,"type":"switch","locations":[{"start":{"line":80,"column":20},"end":{"line":80,"column":33},"skip":true},{"start":{"line":81,"column":20},"end":{"line":83,"column":30},"skip":true},{"start":{"line":84,"column":20},"end":{"line":85,"column":49},"skip":true}]},"10":{"line":89,"type":"switch","locations":[{"start":{"line":90,"column":12},"end":{"line":103,"column":22},"skip":true},{"start":{"line":105,"column":12},"end":{"line":106,"column":22},"skip":true}]},"11":{"line":89,"type":"binary-expr","locations":[{"start":{"line":89,"column":20},"end":{"line":89,"column":25},"skip":true},{"start":{"line":89,"column":29},"end":{"line":89,"column":48},"skip":true},{"start":{"line":89,"column":52},"end":{"line":89,"column":74},"skip":true}]},"12":{"line":92,"type":"if","locations":[{"start":{"line":92,"column":16},"end":{"line":92,"column":16},"skip":true},{"start":{"line":92,"column":16},"end":{"line":92,"column":16},"skip":true}]},"13":{"line":108,"type":"if","locations":[{"start":{"line":108,"column":12},"end":{"line":108,"column":12},"skip":true},{"start":{"line":108,"column":12},"end":{"line":108,"column":12},"skip":true}]},"14":{"line":108,"type":"binary-expr","locations":[{"start":{"line":108,"column":16},"end":{"line":108,"column":61},"skip":true},{"start":{"line":108,"column":66},"end":{"line":108,"column":72},"skip":true},{"start":{"line":108,"column":77},"end":{"line":108,"column":82},"skip":true},{"start":{"line":109,"column":20},"end":{"line":109,"column":39},"skip":true},{"start":{"line":110,"column":20},"end":{"line":110,"column":49},"skip":true},{"start":{"line":111,"column":20},"end":{"line":111,"column":58},"skip":true},{"start":{"line":112,"column":20},"end":{"line":112,"column":68},"skip":true}]},"15":{"line":129,"type":"if","locations":[{"start":{"line":129,"column":16},"end":{"line":129,"column":16},"skip":true},{"start":{"line":129,"column":16},"end":{"line":129,"column":16},"skip":true}]},"16":{"line":134,"type":"cond-expr","locations":[{"start":{"line":135,"column":26},"end":{"line":135,"column":29},"skip":true},{"start":{"line":136,"column":26},"end":{"line":136,"column":54},"skip":true}]},"17":{"line":164,"type":"binary-expr","locations":[{"start":{"line":164,"column":27},"end":{"line":164,"column":43},"skip":true},{"start":{"line":164,"column":47},"end":{"line":164,"column":49},"skip":true}]},"18":{"line":258,"type":"if","locations":[{"start":{"line":258,"column":8},"end":{"line":258,"column":8},"skip":true},{"start":{"line":258,"column":8},"end":{"line":258,"column":8},"skip":true}]},"19":{"line":275,"type":"switch","locations":[{"start":{"line":276,"column":20},"end":{"line":277,"column":64},"skip":true},{"start":{"line":278,"column":20},"end":{"line":279,"column":40},"skip":true},{"start":{"line":280,"column":20},"end":{"line":281,"column":40},"skip":true},{"start":{"line":282,"column":20},"end":{"line":283,"column":39},"skip":true}]},"20":{"line":288,"type":"if","locations":[{"start":{"line":288,"column":8},"end":{"line":288,"column":8},"skip":true},{"start":{"line":288,"column":8},"end":{"line":288,"column":8},"skip":true}]},"21":{"line":288,"type":"binary-expr","locations":[{"start":{"line":288,"column":12},"end":{"line":288,"column":40},"skip":true},{"start":{"line":288,"column":44},"end":{"line":288,"column":67},"skip":true}]},"22":{"line":292,"type":"binary-expr","locations":[{"start":{"line":292,"column":12},"end":{"line":292,"column":50},"skip":true},{"start":{"line":293,"column":12},"end":{"line":293,"column":53},"skip":true}]},"23":{"line":297,"type":"binary-expr","locations":[{"start":{"line":297,"column":12},"end":{"line":297,"column":70},"skip":true},{"start":{"line":298,"column":12},"end":{"line":301,"column":36},"skip":true}]},"24":{"line":303,"type":"binary-expr","locations":[{"start":{"line":303,"column":43},"end":{"line":303,"column":75},"skip":true},{"start":{"line":303,"column":79},"end":{"line":303,"column":81},"skip":true}]},"25":{"line":306,"type":"if","locations":[{"start":{"line":306,"column":8},"end":{"line":306,"column":8},"skip":true},{"start":{"line":306,"column":8},"end":{"line":306,"column":8},"skip":true}]},"26":{"line":310,"type":"if","locations":[{"start":{"line":310,"column":8},"end":{"line":310,"column":8},"skip":true},{"start":{"line":310,"column":8},"end":{"line":310,"column":8},"skip":true}]},"27":{"line":313,"type":"binary-expr","locations":[{"start":{"line":313,"column":27},"end":{"line":313,"column":43},"skip":true},{"start":{"line":313,"column":47},"end":{"line":313,"column":53},"skip":true}]},"28":{"line":317,"type":"if","locations":[{"start":{"line":317,"column":12},"end":{"line":317,"column":12},"skip":true},{"start":{"line":317,"column":12},"end":{"line":317,"column":12},"skip":true}]}},"code":["/*","example.js","","quickstart example","","instruction","    1. save this script as example.js","    2. run the shell command:","        $ npm install npmtest-ua-parser-js && PORT=8081 node example.js","    3. play with the browser-demo on http://127.0.0.1:8081","*/","","","","/* istanbul instrument in package npmtest_ua_parser_js */","/*jslint","    bitwise: true,","    browser: true,","    maxerr: 8,","    maxlen: 96,","    node: true,","    nomen: true,","    regexp: true,","    stupid: true","*/","(function () {","    'use strict';","    var local;","","","","    // run shared js-env code - init-before","    (function () {","        // init local","        local = {};","        // init modeJs","        local.modeJs = (function () {","            try {","                return typeof navigator.userAgent === 'string' &&","                    typeof document.querySelector('body') === 'object' &&","                    typeof XMLHttpRequest.prototype.open === 'function' &&","                    'browser';","            } catch (errorCaughtBrowser) {","                return module.exports &&","                    typeof process.versions.node === 'string' &&","                    typeof require('http').createServer === 'function' &&","                    'node';","            }","        }());","        // init global","        local.global = local.modeJs === 'browser'","            ? window","            : global;","        // init utility2_rollup","        local = local.global.utility2_rollup || (local.modeJs === 'browser'","            ? local.global.utility2_npmtest_ua_parser_js","            : global.utility2_moduleExports);","        // export local","        local.global.local = local;","    }());","    switch (local.modeJs) {","","","","    // init-after","    // run browser js-env code - init-after","    /* istanbul ignore next */","    case 'browser':","        local.testRunBrowser = function (event) {","            if (!event || (event &&","                    event.currentTarget &&","                    event.currentTarget.className &&","                    event.currentTarget.className.includes &&","                    event.currentTarget.className.includes('onreset'))) {","                // reset output","                Array.from(","                    document.querySelectorAll('body > .resettable')","                ).forEach(function (element) {","                    switch (element.tagName) {","                    case 'INPUT':","                    case 'TEXTAREA':","                        element.value = '';","                        break;","                    default:","                        element.textContent = '';","                    }","                });","            }","            switch (event && event.currentTarget && event.currentTarget.id) {","            case 'testRunButton1':","                // show tests","                if (document.querySelector('#testReportDiv1').style.display === 'none') {","                    document.querySelector('#testReportDiv1').style.display = 'block';","                    document.querySelector('#testRunButton1').textContent =","                        'hide internal test';","                    local.modeTest = true;","                    local.testRunDefault(local);","                // hide tests","                } else {","                    document.querySelector('#testReportDiv1').style.display = 'none';","                    document.querySelector('#testRunButton1').textContent = 'run internal test';","                }","                break;","            // custom-case","            default:","                break;","            }","            if (document.querySelector('#inputTextareaEval1') && (!event || (event &&","                    event.currentTarget &&","                    event.currentTarget.className &&","                    event.currentTarget.className.includes &&","                    event.currentTarget.className.includes('oneval')))) {","                // try to eval input-code","                try {","                    /*jslint evil: true*/","                    eval(document.querySelector('#inputTextareaEval1').value);","                } catch (errorCaught) {","                    console.error(errorCaught);","                }","            }","        };","        // log stderr and stdout to #outputTextareaStdout1","        ['error', 'log'].forEach(function (key) {","            console[key + '_original'] = console[key];","            console[key] = function () {","                var element;","                console[key + '_original'].apply(console, arguments);","                element = document.querySelector('#outputTextareaStdout1');","                if (!element) {","                    return;","                }","                // append text to #outputTextareaStdout1","                element.value += Array.from(arguments).map(function (arg) {","                    return typeof arg === 'string'","                        ? arg","                        : JSON.stringify(arg, null, 4);","                }).join(' ') + '\\n';","                // scroll textarea to bottom","                element.scrollTop = element.scrollHeight;","            };","        });","        // init event-handling","        ['change', 'click', 'keyup'].forEach(function (event) {","            Array.from(document.querySelectorAll('.on' + event)).forEach(function (element) {","                element.addEventListener(event, local.testRunBrowser);","            });","        });","        // run tests","        local.testRunBrowser();","        break;","","","","    // run node js-env code - init-after","    /* istanbul ignore next */","    case 'node':","        // export local","        module.exports = local;","        // require modules","        local.fs = require('fs');","        local.http = require('http');","        local.url = require('url');","        // init assets","        local.assetsDict = local.assetsDict || {};","        /* jslint-ignore-begin */","        local.assetsDict['/assets.index.template.html'] = '\\","<!doctype html>\\n\\","<html lang=\"en\">\\n\\","<head>\\n\\","<meta charset=\"UTF-8\">\\n\\","<meta name=\"viewport\" content=\"width=device-width, initial-scale=1\">\\n\\","<title>{{env.npm_package_name}} (v{{env.npm_package_version}})</title>\\n\\","<style>\\n\\","/*csslint\\n\\","    box-sizing: false,\\n\\","    universal-selector: false\\n\\","*/\\n\\","* {\\n\\","    box-sizing: border-box;\\n\\","}\\n\\","body {\\n\\","    background: #dde;\\n\\","    font-family: Arial, Helvetica, sans-serif;\\n\\","    margin: 2rem;\\n\\","}\\n\\","body > * {\\n\\","    margin-bottom: 1rem;\\n\\","}\\n\\",".utility2FooterDiv {\\n\\","    margin-top: 20px;\\n\\","    text-align: center;\\n\\","}\\n\\","</style>\\n\\","<style>\\n\\","/*csslint\\n\\","*/\\n\\","textarea {\\n\\","    font-family: monospace;\\n\\","    height: 10rem;\\n\\","    width: 100%;\\n\\","}\\n\\","textarea[readonly] {\\n\\","    background: #ddd;\\n\\","}\\n\\","</style>\\n\\","</head>\\n\\","<body>\\n\\","<!-- utility2-comment\\n\\","<div id=\"ajaxProgressDiv1\" style=\"background: #d00; height: 2px; left: 0; margin: 0; padding: 0; position: fixed; top: 0; transition: background 0.5s, width 1.5s; width: 25%;\"></div>\\n\\","utility2-comment -->\\n\\","<h1>\\n\\","<!-- utility2-comment\\n\\","    <a\\n\\","        {{#if env.npm_package_homepage}}\\n\\","        href=\"{{env.npm_package_homepage}}\"\\n\\","        {{/if env.npm_package_homepage}}\\n\\","        target=\"_blank\"\\n\\","    >\\n\\","utility2-comment -->\\n\\","        {{env.npm_package_name}} (v{{env.npm_package_version}})\\n\\","<!-- utility2-comment\\n\\","    </a>\\n\\","utility2-comment -->\\n\\","</h1>\\n\\","<h3>{{env.npm_package_description}}</h3>\\n\\","<!-- utility2-comment\\n\\","<h4><a download href=\"assets.app.js\">download standalone app</a></h4>\\n\\","<button class=\"onclick onreset\" id=\"testRunButton1\">run internal test</button><br>\\n\\","<div id=\"testReportDiv1\" style=\"display: none;\"></div>\\n\\","utility2-comment -->\\n\\","\\n\\","\\n\\","\\n\\","<label>stderr and stdout</label>\\n\\","<textarea class=\"resettable\" id=\"outputTextareaStdout1\" readonly></textarea>\\n\\","<!-- utility2-comment\\n\\","{{#if isRollup}}\\n\\","<script src=\"assets.app.js\"></script>\\n\\","{{#unless isRollup}}\\n\\","utility2-comment -->\\n\\","<script src=\"assets.utility2.rollup.js\"></script>\\n\\","<script src=\"jsonp.utility2._stateInit?callback=window.utility2._stateInit\"></script>\\n\\","<script src=\"assets.npmtest_ua_parser_js.rollup.js\"></script>\\n\\","<script src=\"assets.example.js\"></script>\\n\\","<script src=\"assets.test.js\"></script>\\n\\","<!-- utility2-comment\\n\\","{{/if isRollup}}\\n\\","utility2-comment -->\\n\\","<div class=\"utility2FooterDiv\">\\n\\","    [ this app was created with\\n\\","    <a href=\"https://github.com/kaizhu256/node-utility2\" target=\"_blank\">utility2</a>\\n\\","    ]\\n\\","</div>\\n\\","</body>\\n\\","</html>\\n\\","';","        /* jslint-ignore-end */","        if (local.templateRender) {","            local.assetsDict['/'] = local.templateRender(","                local.assetsDict['/assets.index.template.html'],","                {","                    env: local.objectSetDefault(local.env, {","                        npm_package_description: 'the greatest app in the world!',","                        npm_package_name: 'my-app',","                        npm_package_nameAlias: 'my_app',","                        npm_package_version: '0.0.1'","                    })","                }","            );","        } else {","            local.assetsDict['/'] = local.assetsDict['/assets.index.template.html']","                .replace((/\\{\\{env\\.(\\w+?)\\}\\}/g), function (match0, match1) {","                    // jslint-hack","                    String(match0);","                    switch (match1) {","                    case 'npm_package_description':","                        return 'the greatest app in the world!';","                    case 'npm_package_name':","                        return 'my-app';","                    case 'npm_package_nameAlias':","                        return 'my_app';","                    case 'npm_package_version':","                        return '0.0.1';","                    }","                });","        }","        // run the cli","        if (local.global.utility2_rollup || module !== require.main) {","            break;","        }","        local.assetsDict['/assets.example.js'] =","            local.assetsDict['/assets.example.js'] ||","            local.fs.readFileSync(__filename, 'utf8');","        // bug-workaround - long $npm_package_buildCustomOrg","        /* jslint-ignore-begin */","        local.assetsDict['/assets.npmtest_ua_parser_js.rollup.js'] =","            local.assetsDict['/assets.npmtest_ua_parser_js.rollup.js'] ||","            local.fs.readFileSync(","                local.npmtest_ua_parser_js.__dirname + '/lib.npmtest_ua_parser_js.js',","                'utf8'","            ).replace((/^#!/), '//');","        /* jslint-ignore-end */","        local.assetsDict['/favicon.ico'] = local.assetsDict['/favicon.ico'] || '';","        // if $npm_config_timeout_exit exists,","        // then exit this process after $npm_config_timeout_exit ms","        if (Number(process.env.npm_config_timeout_exit)) {","            setTimeout(process.exit, Number(process.env.npm_config_timeout_exit));","        }","        // start server","        if (local.global.utility2_serverHttp1) {","            break;","        }","        process.env.PORT = process.env.PORT || '8081';","        console.error('server starting on port ' + process.env.PORT);","        local.http.createServer(function (request, response) {","            request.urlParsed = local.url.parse(request.url);","            if (local.assetsDict[request.urlParsed.pathname] !== undefined) {","                response.end(local.assetsDict[request.urlParsed.pathname]);","                return;","            }","            response.statusCode = 404;","            response.end();","        }).listen(process.env.PORT);","        break;","    }","}());",""],"l":{"26":2,"28":2,"33":2,"35":2,"37":2,"38":2,"39":2,"44":1,"51":2,"55":2,"59":2,"61":2,"69":1,"70":2,"76":2,"79":2,"82":2,"83":2,"85":1,"89":2,"92":1,"93":1,"94":1,"96":1,"97":1,"100":1,"101":1,"103":1,"106":1,"108":2,"114":1,"116":1,"118":1,"123":1,"124":2,"125":2,"126":3,"127":3,"128":3,"129":3,"130":1,"133":3,"134":3,"139":3,"143":1,"144":3,"145":1,"149":1,"150":1,"158":1,"160":1,"161":1,"162":1,"164":1,"166":1,"258":1,"259":1,"271":1,"274":6,"275":6,"277":1,"279":2,"281":1,"283":2,"288":1,"289":1,"291":1,"296":1,"303":1,"306":1,"307":1,"310":1,"311":1,"313":1,"314":1,"315":1,"316":1,"317":1,"318":1,"319":1,"321":1,"322":1,"324":1}},"/home/travis/build/npmtest/node-npmtest-ua-parser-js/node_modules/ua-parser-js/src/ua-parser.js":{"path":"/home/travis/build/npmtest/node-npmtest-ua-parser-js/node_modules/ua-parser-js/src/ua-parser.js","s":{"1":1,"2":1,"3":1,"4":0,"5":0,"6":0,"7":0,"8":0,"9":0,"10":0,"11":0,"12":0,"13":0,"14":0,"15":0,"16":1,"17":0,"18":0,"19":0,"20":0,"21":0,"22":0,"23":0,"24":0,"25":0,"26":0,"27":0,"28":0,"29":0,"30":0,"31":0,"32":0,"33":0,"34":0,"35":0,"36":0,"37":0,"38":0,"39":0,"40":0,"41":0,"42":0,"43":0,"44":0,"45":0,"46":0,"47":0,"48":0,"49":0,"50":0,"51":0,"52":0,"53":0,"54":0,"55":0,"56":0,"57":1,"58":1,"59":1,"60":0,"61":0,"62":0,"63":0,"64":0,"65":0,"66":0,"67":0,"68":0,"69":0,"70":0,"71":0,"72":0,"73":0,"74":0,"75":0,"76":0,"77":0,"78":0,"79":0,"80":0,"81":0,"82":0,"83":0,"84":1,"85":1,"86":1,"87":1,"88":1,"89":1,"90":1,"91":1,"92":1,"93":1,"94":0,"95":0,"96":0,"97":0,"98":1,"99":1,"100":0,"101":0,"102":0,"103":0,"104":0,"105":0,"106":0,"107":0,"108":0},"b":{"1":[0,0],"2":[0,0],"3":[0,0],"4":[0,0],"5":[0,0],"6":[0,0],"7":[0,0],"8":[0,0],"9":[0,0],"10":[0,0],"11":[0,0],"12":[0,0],"13":[0,0],"14":[0,0],"15":[0,0],"16":[0,0],"17":[0,0],"18":[0,0],"19":[0,0],"20":[0,0],"21":[0,0],"22":[0,0],"23":[0,0],"24":[0,0],"25":[0,0],"26":[0,0],"27":[0,0],"28":[0,0],"29":[0,0],"30":[0,0],"31":[0,0],"32":[0,0],"33":[0,0,0],"34":[0,0],"35":[1,0],"36":[1,0],"37":[1,1],"38":[0,0],"39":[0,0],"40":[1,1],"41":[0,1],"42":[0,1]},"f":{"1":1,"2":0,"3":0,"4":0,"5":0,"6":0,"7":0,"8":0,"9":0,"10":0,"11":0,"12":0,"13":0,"14":0,"15":0,"16":0,"17":0,"18":0,"19":0,"20":0},"fnMap":{"1":{"name":"(anonymous_1)","line":10,"loc":{"start":{"line":10,"column":1},"end":{"line":10,"column":30}}},"2":{"name":"(anonymous_2)","line":47,"loc":{"start":{"line":47,"column":17},"end":{"line":47,"column":48}}},"3":{"name":"(anonymous_3)","line":58,"loc":{"start":{"line":58,"column":14},"end":{"line":58,"column":36}}},"4":{"name":"(anonymous_4)","line":65,"loc":{"start":{"line":65,"column":19},"end":{"line":65,"column":34}}},"5":{"name":"(anonymous_5)","line":68,"loc":{"start":{"line":68,"column":16},"end":{"line":68,"column":35}}},"6":{"name":"(anonymous_6)","line":71,"loc":{"start":{"line":71,"column":15},"end":{"line":71,"column":30}}},"7":{"name":"(anonymous_7)","line":84,"loc":{"start":{"line":84,"column":14},"end":{"line":84,"column":26}}},"8":{"name":"(anonymous_8)","line":150,"loc":{"start":{"line":150,"column":14},"end":{"line":150,"column":34}}},"9":{"name":"(anonymous_9)","line":794,"loc":{"start":{"line":794,"column":19},"end":{"line":794,"column":51}}},"10":{"name":"(anonymous_10)","line":803,"loc":{"start":{"line":803,"column":26},"end":{"line":803,"column":38}}},"11":{"name":"(anonymous_11)","line":808,"loc":{"start":{"line":808,"column":22},"end":{"line":808,"column":34}}},"12":{"name":"(anonymous_12)","line":811,"loc":{"start":{"line":811,"column":25},"end":{"line":811,"column":37}}},"13":{"name":"(anonymous_13)","line":814,"loc":{"start":{"line":814,"column":25},"end":{"line":814,"column":37}}},"14":{"name":"(anonymous_14)","line":817,"loc":{"start":{"line":817,"column":21},"end":{"line":817,"column":33}}},"15":{"name":"(anonymous_15)","line":820,"loc":{"start":{"line":820,"column":25},"end":{"line":820,"column":36}}},"16":{"name":"(anonymous_16)","line":830,"loc":{"start":{"line":830,"column":21},"end":{"line":830,"column":33}}},"17":{"name":"(anonymous_17)","line":833,"loc":{"start":{"line":833,"column":21},"end":{"line":833,"column":41}}},"18":{"name":"(anonymous_18)","line":885,"loc":{"start":{"line":885,"column":19},"end":{"line":885,"column":31}}},"19":{"name":"(anonymous_19)","line":903,"loc":{"start":{"line":903,"column":19},"end":{"line":903,"column":30}}},"20":{"name":"(anonymous_20)","line":906,"loc":{"start":{"line":906,"column":19},"end":{"line":906,"column":39}}}},"statementMap":{"1":{"start":{"line":10,"column":0},"end":{"line":915,"column":47}},"2":{"start":{"line":19,"column":4},"end":{"line":38,"column":33}},"3":{"start":{"line":46,"column":4},"end":{"line":74,"column":6}},"4":{"start":{"line":48,"column":12},"end":{"line":48,"column":35}},"5":{"start":{"line":49,"column":12},"end":{"line":55,"column":13}},"6":{"start":{"line":50,"column":16},"end":{"line":54,"column":17}},"7":{"start":{"line":51,"column":20},"end":{"line":51,"column":72}},"8":{"start":{"line":53,"column":20},"end":{"line":53,"column":50}},"9":{"start":{"line":56,"column":12},"end":{"line":56,"column":33}},"10":{"start":{"line":59,"column":10},"end":{"line":63,"column":11}},"11":{"start":{"line":60,"column":12},"end":{"line":60,"column":73}},"12":{"start":{"line":62,"column":12},"end":{"line":62,"column":25}},"13":{"start":{"line":66,"column":12},"end":{"line":66,"column":37}},"14":{"start":{"line":69,"column":12},"end":{"line":69,"column":107}},"15":{"start":{"line":72,"column":10},"end":{"line":72,"column":71}},"16":{"start":{"line":82,"column":4},"end":{"line":166,"column":6}},"17":{"start":{"line":86,"column":12},"end":{"line":86,"column":76}},"18":{"start":{"line":89,"column":12},"end":{"line":146,"column":13}},"19":{"start":{"line":91,"column":16},"end":{"line":92,"column":40}},"20":{"start":{"line":95,"column":16},"end":{"line":107,"column":17}},"21":{"start":{"line":96,"column":20},"end":{"line":96,"column":32}},"22":{"start":{"line":97,"column":20},"end":{"line":106,"column":21}},"23":{"start":{"line":98,"column":24},"end":{"line":105,"column":25}},"24":{"start":{"line":99,"column":28},"end":{"line":99,"column":41}},"25":{"start":{"line":100,"column":28},"end":{"line":104,"column":29}},"26":{"start":{"line":101,"column":32},"end":{"line":101,"column":57}},"27":{"start":{"line":103,"column":32},"end":{"line":103,"column":54}},"28":{"start":{"line":110,"column":16},"end":{"line":110,"column":26}},"29":{"start":{"line":111,"column":16},"end":{"line":144,"column":17}},"30":{"start":{"line":112,"column":20},"end":{"line":112,"column":60}},"31":{"start":{"line":113,"column":20},"end":{"line":143,"column":21}},"32":{"start":{"line":114,"column":24},"end":{"line":142,"column":25}},"33":{"start":{"line":115,"column":28},"end":{"line":115,"column":49}},"34":{"start":{"line":116,"column":28},"end":{"line":116,"column":41}},"35":{"start":{"line":118,"column":28},"end":{"line":141,"column":29}},"36":{"start":{"line":119,"column":32},"end":{"line":138,"column":33}},"37":{"start":{"line":120,"column":36},"end":{"line":126,"column":37}},"38":{"start":{"line":122,"column":40},"end":{"line":122,"column":78}},"39":{"start":{"line":125,"column":40},"end":{"line":125,"column":60}},"40":{"start":{"line":127,"column":39},"end":{"line":138,"column":33}},"41":{"start":{"line":129,"column":36},"end":{"line":135,"column":37}},"42":{"start":{"line":131,"column":40},"end":{"line":131,"column":104}},"43":{"start":{"line":134,"column":40},"end":{"line":134,"column":101}},"44":{"start":{"line":136,"column":39},"end":{"line":138,"column":33}},"45":{"start":{"line":137,"column":40},"end":{"line":137,"column":118}},"46":{"start":{"line":140,"column":32},"end":{"line":140,"column":70}},"47":{"start":{"line":145,"column":16},"end":{"line":145,"column":23}},"48":{"start":{"line":147,"column":12},"end":{"line":147,"column":26}},"49":{"start":{"line":152,"column":12},"end":{"line":163,"column":13}},"50":{"start":{"line":154,"column":16},"end":{"line":162,"column":17}},"51":{"start":{"line":155,"column":20},"end":{"line":159,"column":21}},"52":{"start":{"line":156,"column":24},"end":{"line":158,"column":25}},"53":{"start":{"line":157,"column":28},"end":{"line":157,"column":67}},"54":{"start":{"line":160,"column":23},"end":{"line":162,"column":17}},"55":{"start":{"line":161,"column":20},"end":{"line":161,"column":59}},"56":{"start":{"line":164,"column":12},"end":{"line":164,"column":23}},"57":{"start":{"line":174,"column":4},"end":{"line":225,"column":6}},"58":{"start":{"line":233,"column":4},"end":{"line":786,"column":6}},"59":{"start":{"line":794,"column":4},"end":{"line":838,"column":6}},"60":{"start":{"line":796,"column":8},"end":{"line":798,"column":9}},"61":{"start":{"line":797,"column":12},"end":{"line":797,"column":66}},"62":{"start":{"line":800,"column":8},"end":{"line":800,"column":127}},"63":{"start":{"line":801,"column":8},"end":{"line":801,"column":77}},"64":{"start":{"line":803,"column":8},"end":{"line":807,"column":10}},"65":{"start":{"line":804,"column":12},"end":{"line":804,"column":65}},"66":{"start":{"line":805,"column":12},"end":{"line":805,"column":56}},"67":{"start":{"line":806,"column":12},"end":{"line":806,"column":27}},"68":{"start":{"line":808,"column":8},"end":{"line":810,"column":10}},"69":{"start":{"line":809,"column":12},"end":{"line":809,"column":54}},"70":{"start":{"line":811,"column":8},"end":{"line":813,"column":10}},"71":{"start":{"line":812,"column":12},"end":{"line":812,"column":57}},"72":{"start":{"line":814,"column":8},"end":{"line":816,"column":10}},"73":{"start":{"line":815,"column":12},"end":{"line":815,"column":57}},"74":{"start":{"line":817,"column":8},"end":{"line":819,"column":10}},"75":{"start":{"line":818,"column":12},"end":{"line":818,"column":53}},"76":{"start":{"line":820,"column":8},"end":{"line":829,"column":10}},"77":{"start":{"line":821,"column":12},"end":{"line":828,"column":14}},"78":{"start":{"line":830,"column":8},"end":{"line":832,"column":10}},"79":{"start":{"line":831,"column":12},"end":{"line":831,"column":22}},"80":{"start":{"line":833,"column":8},"end":{"line":836,"column":10}},"81":{"start":{"line":834,"column":12},"end":{"line":834,"column":26}},"82":{"start":{"line":835,"column":12},"end":{"line":835,"column":24}},"83":{"start":{"line":837,"column":8},"end":{"line":837,"column":20}},"84":{"start":{"line":840,"column":4},"end":{"line":840,"column":34}},"85":{"start":{"line":841,"column":4},"end":{"line":845,"column":6}},"86":{"start":{"line":846,"column":4},"end":{"line":848,"column":6}},"87":{"start":{"line":849,"column":4},"end":{"line":859,"column":6}},"88":{"start":{"line":860,"column":4},"end":{"line":863,"column":6}},"89":{"start":{"line":864,"column":4},"end":{"line":867,"column":6}},"90":{"start":{"line":876,"column":4},"end":{"line":892,"column":5}},"91":{"start":{"line":878,"column":8},"end":{"line":880,"column":9}},"92":{"start":{"line":879,"column":12},"end":{"line":879,"column":48}},"93":{"start":{"line":881,"column":8},"end":{"line":881,"column":36}},"94":{"start":{"line":884,"column":8},"end":{"line":891,"column":9}},"95":{"start":{"line":885,"column":12},"end":{"line":887,"column":15}},"96":{"start":{"line":886,"column":16},"end":{"line":886,"column":32}},"97":{"start":{"line":890,"column":12},"end":{"line":890,"column":39}},"98":{"start":{"line":899,"column":4},"end":{"line":899,"column":42}},"99":{"start":{"line":900,"column":4},"end":{"line":913,"column":5}},"100":{"start":{"line":901,"column":8},"end":{"line":901,"column":36}},"101":{"start":{"line":902,"column":8},"end":{"line":902,"column":34}},"102":{"start":{"line":903,"column":8},"end":{"line":905,"column":10}},"103":{"start":{"line":904,"column":12},"end":{"line":904,"column":34}},"104":{"start":{"line":906,"column":8},"end":{"line":912,"column":10}},"105":{"start":{"line":907,"column":12},"end":{"line":907,"column":35}},"106":{"start":{"line":908,"column":12},"end":{"line":908,"column":44}},"107":{"start":{"line":909,"column":12},"end":{"line":911,"column":13}},"108":{"start":{"line":910,"column":16},"end":{"line":910,"column":42}}},"branchMap":{"1":{"line":50,"type":"if","locations":[{"start":{"line":50,"column":16},"end":{"line":50,"column":16}},{"start":{"line":50,"column":16},"end":{"line":50,"column":16}}]},"2":{"line":50,"type":"binary-expr","locations":[{"start":{"line":50,"column":20},"end":{"line":50,"column":33}},{"start":{"line":50,"column":37},"end":{"line":50,"column":67}}]},"3":{"line":59,"type":"if","locations":[{"start":{"line":59,"column":10},"end":{"line":59,"column":10}},{"start":{"line":59,"column":10},"end":{"line":59,"column":10}}]},"4":{"line":69,"type":"cond-expr","locations":[{"start":{"line":69,"column":50},"end":{"line":69,"column":94}},{"start":{"line":69,"column":97},"end":{"line":69,"column":106}}]},"5":{"line":89,"type":"binary-expr","locations":[{"start":{"line":89,"column":19},"end":{"line":89,"column":34}},{"start":{"line":89,"column":38},"end":{"line":89,"column":46}}]},"6":{"line":95,"type":"if","locations":[{"start":{"line":95,"column":16},"end":{"line":95,"column":16}},{"start":{"line":95,"column":16},"end":{"line":95,"column":16}}]},"7":{"line":98,"type":"if","locations":[{"start":{"line":98,"column":24},"end":{"line":98,"column":24}},{"start":{"line":98,"column":24},"end":{"line":98,"column":24}}]},"8":{"line":100,"type":"if","locations":[{"start":{"line":100,"column":28},"end":{"line":100,"column":28}},{"start":{"line":100,"column":28},"end":{"line":100,"column":28}}]},"9":{"line":111,"type":"binary-expr","locations":[{"start":{"line":111,"column":23},"end":{"line":111,"column":39}},{"start":{"line":111,"column":43},"end":{"line":111,"column":51}}]},"10":{"line":113,"type":"if","locations":[{"start":{"line":113,"column":20},"end":{"line":113,"column":20}},{"start":{"line":113,"column":20},"end":{"line":113,"column":20}}]},"11":{"line":118,"type":"if","locations":[{"start":{"line":118,"column":28},"end":{"line":118,"column":28}},{"start":{"line":118,"column":28},"end":{"line":118,"column":28}}]},"12":{"line":118,"type":"binary-expr","locations":[{"start":{"line":118,"column":32},"end":{"line":118,"column":53}},{"start":{"line":118,"column":57},"end":{"line":118,"column":69}}]},"13":{"line":119,"type":"if","locations":[{"start":{"line":119,"column":32},"end":{"line":119,"column":32}},{"start":{"line":119,"column":32},"end":{"line":119,"column":32}}]},"14":{"line":120,"type":"if","locations":[{"start":{"line":120,"column":36},"end":{"line":120,"column":36}},{"start":{"line":120,"column":36},"end":{"line":120,"column":36}}]},"15":{"line":127,"type":"if","locations":[{"start":{"line":127,"column":39},"end":{"line":127,"column":39}},{"start":{"line":127,"column":39},"end":{"line":127,"column":39}}]},"16":{"line":129,"type":"if","locations":[{"start":{"line":129,"column":36},"end":{"line":129,"column":36}},{"start":{"line":129,"column":36},"end":{"line":129,"column":36}}]},"17":{"line":129,"type":"binary-expr","locations":[{"start":{"line":129,"column":40},"end":{"line":129,"column":65}},{"start":{"line":129,"column":69},"end":{"line":129,"column":94}}]},"18":{"line":129,"type":"binary-expr","locations":[{"start":{"line":129,"column":71},"end":{"line":129,"column":80}},{"start":{"line":129,"column":84},"end":{"line":129,"column":93}}]},"19":{"line":131,"type":"cond-expr","locations":[{"start":{"line":131,"column":63},"end":{"line":131,"column":91}},{"start":{"line":131,"column":94},"end":{"line":131,"column":103}}]},"20":{"line":134,"type":"cond-expr","locations":[{"start":{"line":134,"column":63},"end":{"line":134,"column":88}},{"start":{"line":134,"column":91},"end":{"line":134,"column":100}}]},"21":{"line":136,"type":"if","locations":[{"start":{"line":136,"column":39},"end":{"line":136,"column":39}},{"start":{"line":136,"column":39},"end":{"line":136,"column":39}}]},"22":{"line":137,"type":"cond-expr","locations":[{"start":{"line":137,"column":63},"end":{"line":137,"column":105}},{"start":{"line":137,"column":108},"end":{"line":137,"column":117}}]},"23":{"line":140,"type":"cond-expr","locations":[{"start":{"line":140,"column":52},"end":{"line":140,"column":57}},{"start":{"line":140,"column":60},"end":{"line":140,"column":69}}]},"24":{"line":154,"type":"if","locations":[{"start":{"line":154,"column":16},"end":{"line":154,"column":16}},{"start":{"line":154,"column":16},"end":{"line":154,"column":16}}]},"25":{"line":154,"type":"binary-expr","locations":[{"start":{"line":154,"column":20},"end":{"line":154,"column":46}},{"start":{"line":154,"column":50},"end":{"line":154,"column":67}}]},"26":{"line":156,"type":"if","locations":[{"start":{"line":156,"column":24},"end":{"line":156,"column":24}},{"start":{"line":156,"column":24},"end":{"line":156,"column":24}}]},"27":{"line":157,"type":"cond-expr","locations":[{"start":{"line":157,"column":53},"end":{"line":157,"column":62}},{"start":{"line":157,"column":65},"end":{"line":157,"column":66}}]},"28":{"line":160,"type":"if","locations":[{"start":{"line":160,"column":23},"end":{"line":160,"column":23}},{"start":{"line":160,"column":23},"end":{"line":160,"column":23}}]},"29":{"line":161,"type":"cond-expr","locations":[{"start":{"line":161,"column":45},"end":{"line":161,"column":54}},{"start":{"line":161,"column":57},"end":{"line":161,"column":58}}]},"30":{"line":796,"type":"if","locations":[{"start":{"line":796,"column":8},"end":{"line":796,"column":8}},{"start":{"line":796,"column":8},"end":{"line":796,"column":8}}]},"31":{"line":800,"type":"binary-expr","locations":[{"start":{"line":800,"column":17},"end":{"line":800,"column":25}},{"start":{"line":800,"column":30},"end":{"line":800,"column":125}}]},"32":{"line":800,"type":"cond-expr","locations":[{"start":{"line":800,"column":91},"end":{"line":800,"column":117}},{"start":{"line":800,"column":120},"end":{"line":800,"column":125}}]},"33":{"line":800,"type":"binary-expr","locations":[{"start":{"line":800,"column":31},"end":{"line":800,"column":37}},{"start":{"line":800,"column":41},"end":{"line":800,"column":57}},{"start":{"line":800,"column":61},"end":{"line":800,"column":87}}]},"34":{"line":801,"type":"cond-expr","locations":[{"start":{"line":801,"column":34},"end":{"line":801,"column":66}},{"start":{"line":801,"column":69},"end":{"line":801,"column":76}}]},"35":{"line":876,"type":"if","locations":[{"start":{"line":876,"column":4},"end":{"line":876,"column":4}},{"start":{"line":876,"column":4},"end":{"line":876,"column":4}}]},"36":{"line":878,"type":"if","locations":[{"start":{"line":878,"column":8},"end":{"line":878,"column":8}},{"start":{"line":878,"column":8},"end":{"line":878,"column":8}}]},"37":{"line":878,"type":"binary-expr","locations":[{"start":{"line":878,"column":12},"end":{"line":878,"column":40}},{"start":{"line":878,"column":44},"end":{"line":878,"column":58}}]},"38":{"line":884,"type":"if","locations":[{"start":{"line":884,"column":8},"end":{"line":884,"column":8}},{"start":{"line":884,"column":8},"end":{"line":884,"column":8}}]},"39":{"line":884,"type":"binary-expr","locations":[{"start":{"line":884,"column":12},"end":{"line":884,"column":40}},{"start":{"line":884,"column":44},"end":{"line":884,"column":54}}]},"40":{"line":899,"type":"binary-expr","locations":[{"start":{"line":899,"column":12},"end":{"line":899,"column":25}},{"start":{"line":899,"column":29},"end":{"line":899,"column":41}}]},"41":{"line":900,"type":"if","locations":[{"start":{"line":900,"column":4},"end":{"line":900,"column":4}},{"start":{"line":900,"column":4},"end":{"line":900,"column":4}}]},"42":{"line":915,"type":"cond-expr","locations":[{"start":{"line":915,"column":32},"end":{"line":915,"column":38}},{"start":{"line":915,"column":41},"end":{"line":915,"column":45}}]}},"code":["/**"," * UAParser.js v0.7.12"," * Lightweight JavaScript-based User-Agent string parser"," * https://github.com/faisalman/ua-parser-js"," *"," * Copyright © 2012-2016 Faisal Salman <fyzlman@gmail.com>"," * Dual licensed under GPLv2 & MIT"," */","","(function (window, undefined) {","","    'use strict';","","    //////////////","    // Constants","    /////////////","","","    var LIBVERSION  = '0.7.12',","        EMPTY       = '',","        UNKNOWN     = '?',","        FUNC_TYPE   = 'function',","        UNDEF_TYPE  = 'undefined',","        OBJ_TYPE    = 'object',","        STR_TYPE    = 'string',","        MAJOR       = 'major', // deprecated","        MODEL       = 'model',","        NAME        = 'name',","        TYPE        = 'type',","        VENDOR      = 'vendor',","        VERSION     = 'version',","        ARCHITECTURE= 'architecture',","        CONSOLE     = 'console',","        MOBILE      = 'mobile',","        TABLET      = 'tablet',","        SMARTTV     = 'smarttv',","        WEARABLE    = 'wearable',","        EMBEDDED    = 'embedded';","","","    ///////////","    // Helper","    //////////","","","    var util = {","        extend : function (regexes, extensions) {","            var margedRegexes = {};","            for (var i in regexes) {","                if (extensions[i] && extensions[i].length % 2 === 0) {","                    margedRegexes[i] = extensions[i].concat(regexes[i]);","                } else {","                    margedRegexes[i] = regexes[i];","                }","            }","            return margedRegexes;","        },","        has : function (str1, str2) {","          if (typeof str1 === \"string\") {","            return str2.toLowerCase().indexOf(str1.toLowerCase()) !== -1;","          } else {","            return false;","          }","        },","        lowerize : function (str) {","            return str.toLowerCase();","        },","        major : function (version) {","            return typeof(version) === STR_TYPE ? version.replace(/[^\\d\\.]/g,'').split(\".\")[0] : undefined;","        },","        trim : function (str) {","          return str.replace(/^[\\s\\uFEFF\\xA0]+|[\\s\\uFEFF\\xA0]+$/g, '');","        }","    };","","","    ///////////////","    // Map helper","    //////////////","","","    var mapper = {","","        rgx : function () {","","            var result, i = 0, j, k, p, q, matches, match, args = arguments;","","            // loop through all regexes maps","            while (i < args.length && !matches) {","","                var regex = args[i],       // even sequence (0,2,4,..)","                    props = args[i + 1];   // odd sequence (1,3,5,..)","","                // construct object barebones","                if (typeof result === UNDEF_TYPE) {","                    result = {};","                    for (p in props) {","                        if (props.hasOwnProperty(p)){","                            q = props[p];","                            if (typeof q === OBJ_TYPE) {","                                result[q[0]] = undefined;","                            } else {","                                result[q] = undefined;","                            }","                        }","                    }","                }","","                // try matching uastring with regexes","                j = k = 0;","                while (j < regex.length && !matches) {","                    matches = regex[j++].exec(this.getUA());","                    if (!!matches) {","                        for (p = 0; p < props.length; p++) {","                            match = matches[++k];","                            q = props[p];","                            // check if given property is actually array","                            if (typeof q === OBJ_TYPE && q.length > 0) {","                                if (q.length == 2) {","                                    if (typeof q[1] == FUNC_TYPE) {","                                        // assign modified match","                                        result[q[0]] = q[1].call(this, match);","                                    } else {","                                        // assign given value, ignore regex match","                                        result[q[0]] = q[1];","                                    }","                                } else if (q.length == 3) {","                                    // check whether function or regex","                                    if (typeof q[1] === FUNC_TYPE && !(q[1].exec && q[1].test)) {","                                        // call function (usually string mapper)","                                        result[q[0]] = match ? q[1].call(this, match, q[2]) : undefined;","                                    } else {","                                        // sanitize match using given regex","                                        result[q[0]] = match ? match.replace(q[1], q[2]) : undefined;","                                    }","                                } else if (q.length == 4) {","                                        result[q[0]] = match ? q[3].call(this, match.replace(q[1], q[2])) : undefined;","                                }","                            } else {","                                result[q] = match ? match : undefined;","                            }","                        }","                    }","                }","                i += 2;","            }","            return result;","        },","","        str : function (str, map) {","","            for (var i in map) {","                // check if array","                if (typeof map[i] === OBJ_TYPE && map[i].length > 0) {","                    for (var j = 0; j < map[i].length; j++) {","                        if (util.has(map[i][j], str)) {","                            return (i === UNKNOWN) ? undefined : i;","                        }","                    }","                } else if (util.has(map[i], str)) {","                    return (i === UNKNOWN) ? undefined : i;","                }","            }","            return str;","        }","    };","","","    ///////////////","    // String map","    //////////////","","","    var maps = {","","        browser : {","            oldsafari : {","                version : {","                    '1.0'   : '/8',","                    '1.2'   : '/1',","                    '1.3'   : '/3',","                    '2.0'   : '/412',","                    '2.0.2' : '/416',","                    '2.0.3' : '/417',","                    '2.0.4' : '/419',","                    '?'     : '/'","                }","            }","        },","","        device : {","            amazon : {","                model : {","                    'Fire Phone' : ['SD', 'KF']","                }","            },","            sprint : {","                model : {","                    'Evo Shift 4G' : '7373KT'","                },","                vendor : {","                    'HTC'       : 'APA',","                    'Sprint'    : 'Sprint'","                }","            }","        },","","        os : {","            windows : {","                version : {","                    'ME'        : '4.90',","                    'NT 3.11'   : 'NT3.51',","                    'NT 4.0'    : 'NT4.0',","                    '2000'      : 'NT 5.0',","                    'XP'        : ['NT 5.1', 'NT 5.2'],","                    'Vista'     : 'NT 6.0',","                    '7'         : 'NT 6.1',","                    '8'         : 'NT 6.2',","                    '8.1'       : 'NT 6.3',","                    '10'        : ['NT 6.4', 'NT 10.0'],","                    'RT'        : 'ARM'","                }","            }","        }","    };","","","    //////////////","    // Regex map","    /////////////","","","    var regexes = {","","        browser : [[","","            // Presto based","            /(opera\\smini)\\/([\\w\\.-]+)/i,                                       // Opera Mini","            /(opera\\s[mobiletab]+).+version\\/([\\w\\.-]+)/i,                      // Opera Mobi/Tablet","            /(opera).+version\\/([\\w\\.]+)/i,                                     // Opera > 9.80","            /(opera)[\\/\\s]+([\\w\\.]+)/i                                          // Opera < 9.80","            ], [NAME, VERSION], [","","            /(opios)[\\/\\s]+([\\w\\.]+)/i                                          // Opera mini on iphone >= 8.0","            ], [[NAME, 'Opera Mini'], VERSION], [","","            /\\s(opr)\\/([\\w\\.]+)/i                                               // Opera Webkit","            ], [[NAME, 'Opera'], VERSION], [","","            // Mixed","            /(kindle)\\/([\\w\\.]+)/i,                                             // Kindle","            /(lunascape|maxthon|netfront|jasmine|blazer)[\\/\\s]?([\\w\\.]+)*/i,","                                                                                // Lunascape/Maxthon/Netfront/Jasmine/Blazer","","            // Trident based","            /(avant\\s|iemobile|slim|baidu)(?:browser)?[\\/\\s]?([\\w\\.]*)/i,","                                                                                // Avant/IEMobile/SlimBrowser/Baidu","            /(?:ms|\\()(ie)\\s([\\w\\.]+)/i,                                        // Internet Explorer","","            // Webkit/KHTML based","            /(rekonq)\\/([\\w\\.]+)*/i,                                            // Rekonq","            /(chromium|flock|rockmelt|midori|epiphany|silk|skyfire|ovibrowser|bolt|iron|vivaldi|iridium|phantomjs)\\/([\\w\\.-]+)/i","                                                                                // Chromium/Flock/RockMelt/Midori/Epiphany/Silk/Skyfire/Bolt/Iron/Iridium/PhantomJS","            ], [NAME, VERSION], [","","            /(trident).+rv[:\\s]([\\w\\.]+).+like\\sgecko/i                         // IE11","            ], [[NAME, 'IE'], VERSION], [","","            /(edge)\\/((\\d+)?[\\w\\.]+)/i                                          // Microsoft Edge","            ], [NAME, VERSION], [","","            /(yabrowser)\\/([\\w\\.]+)/i                                           // Yandex","            ], [[NAME, 'Yandex'], VERSION], [","","            /(comodo_dragon)\\/([\\w\\.]+)/i                                       // Comodo Dragon","            ], [[NAME, /_/g, ' '], VERSION], [","","            /(micromessenger)\\/([\\w\\.]+)/i                                      // WeChat","            ], [[NAME, 'WeChat'], VERSION], [","","            /xiaomi\\/miuibrowser\\/([\\w\\.]+)/i                                   // MIUI Browser","            ], [VERSION, [NAME, 'MIUI Browser']], [","","            /\\swv\\).+(chrome)\\/([\\w\\.]+)/i                                  
[...]
                                  // Microsoft Lumia","            ], [VENDOR, MODEL, [TYPE, MOBILE]], [","","            /[\\s\\(;](xbox(?:\\sone)?)[\\s\\);]/i                                   // Microsoft Xbox","            ], [MODEL, [VENDOR, 'Microsoft'], [TYPE, CONSOLE]], [","            /(kin\\.[onetw]{3})/i                                                // Microsoft Kin","            ], [[MODEL, /\\./g, ' '], [VENDOR, 'Microsoft'], [TYPE, MOBILE]], [","","                                                                                // Motorola","            /\\s(milestone|droid(?:[2-4x]|\\s(?:bionic|x2|pro|razr))?(:?\\s4g)?)[\\w\\s]+build\\//i,","            /mot[\\s-]?(\\w+)*/i,","            /(XT\\d{3,4}) build\\//i,","            /(nexus\\s6)/i","            ], [MODEL, [VENDOR, 'Motorola'], [TYPE, MOBILE]], [","            /android.+\\s(mz60\\d|xoom[\\s2]{0,2})\\sbuild\\//i","            ], [MODEL, [VENDOR, 'Motorola'], [TYPE, TABLET]], [","","            /hbbtv\\/\\d+\\.\\d+\\.\\d+\\s+\\([\\w\\s]*;\\s*(\\w[^;]*);([^;]*)/i            // HbbTV devices","            ], [[VENDOR, util.trim], [MODEL, util.trim], [TYPE, SMARTTV]], [","","            /hbbtv.+maple;(\\d+)/i","            ], [[MODEL, /^/, 'SmartTV'], [VENDOR, 'Samsung'], [TYPE, SMARTTV]], [","","            /\\(dtv[\\);].+(aquos)/i                                              // Sharp","            ], [MODEL, [VENDOR, 'Sharp'], [TYPE, SMARTTV]], [","","            /android.+((sch-i[89]0\\d|shw-m380s|gt-p\\d{4}|gt-n\\d+|sgh-t8[56]9|nexus 10))/i,","            /((SM-T\\w+))/i","            ], [[VENDOR, 'Samsung'], MODEL, [TYPE, TABLET]], [                  // Samsung","            /smart-tv.+(samsung)/i","            ], [VENDOR, [TYPE, SMARTTV], MODEL], [","            /((s[cgp]h-\\w+|gt-\\w+|galaxy\\snexus|sm-\\w[\\w\\d]+))/i,","            /(sam[sung]*)[\\s-]*(\\w+-?[\\w-]*)*/i,","            /sec-((sgh\\w+))/i","            ], [[VENDOR, 'Samsung'], MODEL, [TYPE, MOBILE]], [","","            /sie-(\\w+)*/i                                                       // Siemens","            ], [MODEL, [VENDOR, 'Siemens'], [TYPE, MOBILE]], [","","            /(maemo|nokia).*(n900|lumia\\s\\d+)/i,                                // Nokia","            /(nokia)[\\s_-]?([\\w-]+)*/i","            ], [[VENDOR, 'Nokia'], MODEL, [TYPE, MOBILE]], [","","            /android\\s3\\.[\\s\\w;-]{10}(a\\d{3})/i                                 // Acer","            ], [MODEL, [VENDOR, 'Acer'], [TYPE, TABLET]], [","","            /android\\s3\\.[\\s\\w;-]{10}(lg?)-([06cv9]{3,4})/i                     // LG Tablet","            ], [[VENDOR, 'LG'], MODEL, [TYPE, TABLET]], [","            /(lg) netcast\\.tv/i                                                 // LG SmartTV","            ], [VENDOR, MODEL, [TYPE, SMARTTV]], [","            /(nexus\\s[45])/i,                                                   // LG","            /lg[e;\\s\\/-]+(\\w+)*/i","            ], [MODEL, [VENDOR, 'LG'], [TYPE, MOBILE]], [","","            /android.+(ideatab[a-z0-9\\-\\s]+)/i                                  // Lenovo","            ], [MODEL, [VENDOR, 'Lenovo'], [TYPE, TABLET]], [","","            /linux;.+((jolla));/i                                               // Jolla","            ], [VENDOR, MODEL, [TYPE, MOBILE]], [","","            /((pebble))app\\/[\\d\\.]+\\s/i                                         // Pebble","            ], [VENDOR, MODEL, [TYPE, WEARABLE]], [","","            /android.+;\\s(glass)\\s\\d/i                                          // Google Glass","            ], [MODEL, [VENDOR, 'Google'], [TYPE, WEARABLE]], [","","            /android.+(\\w+)\\s+build\\/hm\\1/i,                                    // Xiaomi Hongmi 'numeric' models","            /android.+(hm[\\s\\-_]*note?[\\s_]*(?:\\d\\w)?)\\s+build/i,               // Xiaomi Hongmi","            /android.+(mi[\\s\\-_]*(?:one|one[\\s_]plus|note lte)?[\\s_]*(?:\\d\\w)?)\\s+build/i    // Xiaomi Mi","            ], [[MODEL, /_/g, ' '], [VENDOR, 'Xiaomi'], [TYPE, MOBILE]], [","","            /android.+a000(1)\\s+build/i                                         // OnePlus","            ], [MODEL, [VENDOR, 'OnePlus'], [TYPE, MOBILE]], [","","            /\\s(tablet)[;\\/]/i,                                                 // Unidentifiable Tablet","            /\\s(mobile)(?:[;\\/]|\\ssafari)/i                                     // Unidentifiable Mobile","            ], [[TYPE, util.lowerize], VENDOR, MODEL]","","            /*//////////////////////////","            // TODO: move to string map","            ////////////////////////////","","            /(C6603)/i                                                          // Sony Xperia Z C6603","            ], [[MODEL, 'Xperia Z C6603'], [VENDOR, 'Sony'], [TYPE, MOBILE]], [","            /(C6903)/i                                                          // Sony Xperia Z 1","            ], [[MODEL, 'Xperia Z 1'], [VENDOR, 'Sony'], [TYPE, MOBILE]], [","","            /(SM-G900[F|H])/i                                                   // Samsung Galaxy S5","            ], [[MODEL, 'Galaxy S5'], [VENDOR, 'Samsung'], [TYPE, MOBILE]], [","            /(SM-G7102)/i                                                       // Samsung Galaxy Grand 2","            ], [[MODEL, 'Galaxy Grand 2'], [VENDOR, 'Samsung'], [TYPE, MOBILE]], [","            /(SM-G530H)/i                                                       // Samsung Galaxy Grand Prime","            ], [[MODEL, 'Galaxy Grand Prime'], [VENDOR, 'Samsung'], [TYPE, MOBILE]], [","            /(SM-G313HZ)/i                                                      // Samsung Galaxy V","            ], [[MODEL, 'Galaxy V'], [VENDOR, 'Samsung'], [TYPE, MOBILE]], [","            /(SM-T805)/i                                                        // Samsung Galaxy Tab S 10.5","            ], [[MODEL, 'Galaxy Tab S 10.5'], [VENDOR, 'Samsung'], [TYPE, TABLET]], [","            /(SM-G800F)/i                                                       // Samsung Galaxy S5 Mini","            ], [[MODEL, 'Galaxy S5 Mini'], [VENDOR, 'Samsung'], [TYPE, MOBILE]], [","            /(SM-T311)/i                                                        // Samsung Galaxy Tab 3 8.0","            ], [[MODEL, 'Galaxy Tab 3 8.0'], [VENDOR, 'Samsung'], [TYPE, TABLET]], [","","            /(R1001)/i                                                          // Oppo R1001","            ], [MODEL, [VENDOR, 'OPPO'], [TYPE, MOBILE]], [","            /(X9006)/i                                                          // Oppo Find 7a","            ], [[MODEL, 'Find 7a'], [VENDOR, 'Oppo'], [TYPE, MOBILE]], [","            /(R2001)/i                                                          // Oppo YOYO R2001","            ], [[MODEL, 'Yoyo R2001'], [VENDOR, 'Oppo'], [TYPE, MOBILE]], [","            /(R815)/i                                                           // Oppo Clover R815","            ], [[MODEL, 'Clover R815'], [VENDOR, 'Oppo'], [TYPE, MOBILE]], [","             /(U707)/i                                                          // Oppo Find Way S","            ], [[MODEL, 'Find Way S'], [VENDOR, 'Oppo'], [TYPE, MOBILE]], [","","            /(T3C)/i                                                            // Advan Vandroid T3C","            ], [MODEL, [VENDOR, 'Advan'], [TYPE, TABLET]], [","            /(ADVAN T1J\\+)/i                                                    // Advan Vandroid T1J+","            ], [[MODEL, 'Vandroid T1J+'], [VENDOR, 'Advan'], [TYPE, TABLET]], [","            /(ADVAN S4A)/i                                                      // Advan Vandroid S4A","            ], [[MODEL, 'Vandroid S4A'], [VENDOR, 'Advan'], [TYPE, MOBILE]], [","","            /(V972M)/i                                                          // ZTE V972M","            ], [MODEL, [VENDOR, 'ZTE'], [TYPE, MOBILE]], [","","            /(i-mobile)\\s(IQ\\s[\\d\\.]+)/i                                        // i-mobile IQ","            ], [VENDOR, MODEL, [TYPE, MOBILE]], [","            /(IQ6.3)/i                                                          // i-mobile IQ IQ 6.3","            ], [[MODEL, 'IQ 6.3'], [VENDOR, 'i-mobile'], [TYPE, MOBILE]], [","            /(i-mobile)\\s(i-style\\s[\\d\\.]+)/i                                   // i-mobile i-STYLE","            ], [VENDOR, MODEL, [TYPE, MOBILE]], [","            /(i-STYLE2.1)/i                                                     // i-mobile i-STYLE 2.1","            ], [[MODEL, 'i-STYLE 2.1'], [VENDOR, 'i-mobile'], [TYPE, MOBILE]], [","","            /(mobiistar touch LAI 512)/i                                        // mobiistar touch LAI 512","            ], [[MODEL, 'Touch LAI 512'], [VENDOR, 'mobiistar'], [TYPE, MOBILE]], [","","            /////////////","            // END TODO","            ///////////*/","","        ],","","        engine : [[","","            /windows.+\\sedge\\/([\\w\\.]+)/i                                       // EdgeHTML","            ], [VERSION, [NAME, 'EdgeHTML']], [","","            /(presto)\\/([\\w\\.]+)/i,                                             // Presto","            /(webkit|trident|netfront|netsurf|amaya|lynx|w3m)\\/([\\w\\.]+)/i,     // WebKit/Trident/NetFront/NetSurf/Amaya/Lynx/w3m","            /(khtml|tasman|links)[\\/\\s]\\(?([\\w\\.]+)/i,                          // KHTML/Tasman/Links","            /(icab)[\\/\\s]([23]\\.[\\d\\.]+)/i                                      // iCab","            ], [NAME, VERSION], [","","            /rv\\:([\\w\\.]+).*(gecko)/i                                           // Gecko","            ], [VERSION, NAME]","        ],","","        os : [[","","            // Windows based","            /microsoft\\s(windows)\\s(vista|xp)/i                                 // Windows (iTunes)","            ], [NAME, VERSION], [","            /(windows)\\snt\\s6\\.2;\\s(arm)/i,                                     // Windows RT","            /(windows\\sphone(?:\\sos)*)[\\s\\/]?([\\d\\.\\s]+\\w)*/i,                  // Windows Phone","            /(windows\\smobile|windows)[\\s\\/]?([ntce\\d\\.\\s]+\\w)/i","            ], [NAME, [VERSION, mapper.str, maps.os.windows.version]], [","            /(win(?=3|9|n)|win\\s9x\\s)([nt\\d\\.]+)/i","            ], [[NAME, 'Windows'], [VERSION, mapper.str, maps.os.windows.version]], [","","            // Mobile/Embedded OS","            /\\((bb)(10);/i                                                      // BlackBerry 10","            ], [[NAME, 'BlackBerry'], VERSION], [","            /(blackberry)\\w*\\/?([\\w\\.]+)*/i,                                    // Blackberry","            /(tizen)[\\/\\s]([\\w\\.]+)/i,                                          // Tizen","            /(android|webos|palm\\sos|qnx|bada|rim\\stablet\\sos|meego|contiki)[\\/\\s-]?([\\w\\.]+)*/i,","                                                                                // Android/WebOS/Palm/QNX/Bada/RIM/MeeGo/Contiki","            /linux;.+(sailfish);/i                                              // Sailfish OS","            ], [NAME, VERSION], [","            /(symbian\\s?os|symbos|s60(?=;))[\\/\\s-]?([\\w\\.]+)*/i                 // Symbian","            ], [[NAME, 'Symbian'], VERSION], [","            /\\((series40);/i                                                    // Series 40","            ], [NAME], [","            /mozilla.+\\(mobile;.+gecko.+firefox/i                               // Firefox OS","            ], [[NAME, 'Firefox OS'], VERSION], [","","            // Console","            /(nintendo|playstation)\\s([wids34portablevu]+)/i,                   // Nintendo/Playstation","","            // GNU/Linux based","            /(mint)[\\/\\s\\(]?(\\w+)*/i,                                           // Mint","            /(mageia|vectorlinux)[;\\s]/i,                                       // Mageia/VectorLinux","            /(joli|[kxln]?ubuntu|debian|[open]*suse|gentoo|(?=\\s)arch|slackware|fedora|mandriva|centos|pclinuxos|redhat|zenwalk|linpus)[\\/\\s-]?(?!chrom)([\\w\\.-]+)*/i,","                                                                                // Joli/Ubuntu/Debian/SUSE/Gentoo/Arch/Slackware","                                                                                // Fedora/Mandriva/CentOS/PCLinuxOS/RedHat/Zenwalk/Linpus","            /(hurd|linux)\\s?([\\w\\.]+)*/i,                                       // Hurd/Linux","            /(gnu)\\s?([\\w\\.]+)*/i                                               // GNU","            ], [NAME, VERSION], [","","            /(cros)\\s[\\w]+\\s([\\w\\.]+\\w)/i                                       // Chromium OS","            ], [[NAME, 'Chromium OS'], VERSION],[","","            // Solaris","            /(sunos)\\s?([\\w\\.]+\\d)*/i                                           // Solaris","            ], [[NAME, 'Solaris'], VERSION], [","","            // BSD based","            /\\s([frentopc-]{0,4}bsd|dragonfly)\\s?([\\w\\.]+)*/i                   // FreeBSD/NetBSD/OpenBSD/PC-BSD/DragonFly","            ], [NAME, VERSION],[","","            /(haiku)\\s(\\w+)/i                                                  // Haiku","            ], [NAME, VERSION],[","","            /(ip[honead]+)(?:.*os\\s([\\w]+)*\\slike\\smac|;\\sopera)/i              // iOS","            ], [[NAME, 'iOS'], [VERSION, /_/g, '.']], [","","            /(mac\\sos\\sx)\\s?([\\w\\s\\.]+\\w)*/i,","            /(macintosh|mac(?=_powerpc)\\s)/i                                    // Mac OS","            ], [[NAME, 'Mac OS'], [VERSION, /_/g, '.']], [","","            // Other","            /((?:open)?solaris)[\\/\\s-]?([\\w\\.]+)*/i,                            // Solaris","            /(aix)\\s((\\d)(?=\\.|\\)|\\s)[\\w\\.]*)*/i,                               // AIX","            /(plan\\s9|minix|beos|os\\/2|amigaos|morphos|risc\\sos|openvms)/i,","                                                                                // Plan9/Minix/BeOS/OS2/AmigaOS/MorphOS/RISCOS/OpenVMS","            /(unix)\\s?([\\w\\.]+)*/i                                              // UNIX","            ], [NAME, VERSION]","        ]","    };","","","    /////////////////","    // Constructor","    ////////////////","","","    var UAParser = function (uastring, extensions) {","","        if (!(this instanceof UAParser)) {","            return new UAParser(uastring, extensions).getResult();","        }","","        var ua = uastring || ((window && window.navigator && window.navigator.userAgent) ? window.navigator.userAgent : EMPTY);","        var rgxmap = extensions ? util.extend(regexes, extensions) : regexes;","","        this.getBrowser = function () {","            var browser = mapper.rgx.apply(this, rgxmap.browser);","            browser.major = util.major(browser.version);","            return browser;","        };","        this.getCPU = function () {","            return mapper.rgx.apply(this, rgxmap.cpu);","        };","        this.getDevice = function () {","            return mapper.rgx.apply(this, rgxmap.device);","        };","        this.getEngine = function () {","            return mapper.rgx.apply(this, rgxmap.engine);","        };","        this.getOS = function () {","            return mapper.rgx.apply(this, rgxmap.os);","        };","        this.getResult = function() {","            return {","                ua      : this.getUA(),","                browser : this.getBrowser(),","                engine  : this.getEngine(),","                os      : this.getOS(),","                device  : this.getDevice(),","                cpu     : this.getCPU()","            };","        };","        this.getUA = function () {","            return ua;","        };","        this.setUA = function (uastring) {","            ua = uastring;","            return this;","        };","        return this;","    };","","    UAParser.VERSION = LIBVERSION;","    UAParser.BROWSER = {","        NAME    : NAME,","        MAJOR   : MAJOR, // deprecated","        VERSION : VERSION","    };","    UAParser.CPU = {","        ARCHITECTURE : ARCHITECTURE","    };","    UAParser.DEVICE = {","        MODEL   : MODEL,","        VENDOR  : VENDOR,","        TYPE    : TYPE,","        CONSOLE : CONSOLE,","        MOBILE  : MOBILE,","        SMARTTV : SMARTTV,","        TABLET  : TABLET,","        WEARABLE: WEARABLE,","        EMBEDDED: EMBEDDED","    };","    UAParser.ENGINE = {","        NAME    : NAME,","        VERSION : VERSION","    };","    UAParser.OS = {","        NAME    : NAME,","        VERSION : VERSION","    };","","","    ///////////","    // Export","    //////////","","","    // check js environment","    if (typeof(exports) !== UNDEF_TYPE) {","        // nodejs env","        if (typeof module !== UNDEF_TYPE && module.exports) {","            exports = module.exports = UAParser;","        }","        exports.UAParser = UAParser;","    } else {","        // requirejs env (optional)","        if (typeof(define) === FUNC_TYPE && define.amd) {","            define(function () {","                return UAParser;","            });","        } else {","            // browser env","            window.UAParser = UAParser;","        }","    }","","    // jQuery/Zepto specific (optional)","    // Note:","    //   In AMD env the global scope should be kept clean, but jQuery is an exception.","    //   jQuery always exports to global scope, unless jQuery.noConflict(true) is used,","    //   and we should catch that.","    var $ = window.jQuery || window.Zepto;","    if (typeof $ !== UNDEF_TYPE) {","        var parser = new UAParser();","        $.ua = parser.getResult();","        $.ua.get = function() {","            return parser.getUA();","        };","        $.ua.set = function (uastring) {","            parser.setUA(uastring);","            var result = parser.getResult();","            for (var prop in result) {","                $.ua[prop] = result[prop];","            }","        };","    }","","})(typeof window === 'object' ? window : this);",""],"l":{"10":1,"19":1,"46":1,"48":0,"49":0,"50":0,"51":0,"53":0,"56":0,"59":0,"60":0,"62":0,"66":0,"69":0,"72":0,"82":1,"86":0,"89":0,"91":0,"95":0,"96":0,"97":0,"98":0,"99":0,"100":0,"101":0,"103":0,"110":0,"111":0,"112":0,"113":0,"114":0,"115":0,"116":0,"118":0,"119":0,"120":0,"122":0,"125":0,"127":0,"129":0,"131":0,"134":0,"136":0,"137":0,"140":0,"145":0,"147":0,"152":0,"154":0,"155":0,"156":0,"157":0,"160":0,"161":0,"164":0,"174":1,"233":1,"794":1,"796":0,"797":0,"800":0,"801":0,"803":0,"804":0,"805":0,"806":0,"808":0,"809":0,"811":0,"812":0,"814":0,"815":0,"817":0,"818":0,"820":0,"821":0,"830":0,"831":0,"833":0,"834":0,"835":0,"837":0,"840":1,"841":1,"846":1,"849":1,"860":1,"864":1,"876":1,"878":1,"879":1,"881":1,"884":0,"885":0,"886":0,"890":0,"899":1,"900":1,"901":0,"902":0,"903":0,"904":0,"906":0,"907":0,"908":0,"909":0,"910":0}},"/home/travis/build/npmtest/node-npmtest-ua-parser-js/node_modules/ua-parser-js/package.js":{"path":"/home/travis/build/npmtest/node-npmtest-ua-parser-js/node_modules/ua-parser-js/package.js","s":{"1":2,"2":0,"3":0,"4":0},"b":{},"f":{"1":0},"fnMap":{"1":{"name":"(anonymous_1)","line":9,"loc":{"start":{"line":9,"column":14},"end":{"line":9,"column":29}}}},"statementMap":{"1":{"start":{"line":1,"column":0},"end":{"line":7,"column":3}},"2":{"start":{"line":9,"column":0},"end":{"line":12,"column":3}},"3":{"start":{"line":10,"column":2},"end":{"line":10,"column":35}},"4":{"start":{"line":11,"column":2},"end":{"line":11,"column":25}}},"branchMap":{},"code":["Package.describe({","  name: 'faisalman:ua-parser-js',","  version: '0.7.12',","  summary: 'Lightweight JavaScript-based user-agent string parser',","  git: 'https://github.com/faisalman/ua-parser-js.git',","  documentation: 'readme.md'","});","","Package.onUse(function (api) {","  api.addFiles(\"src/ua-parser.js\");","  api.export(\"UAParser\");","});",""],"l":{"1":2,"9":0,"10":0,"11":0}}}